SF:/home/hiroshi/projects/screenshare/fuck_you_janja/apps/web/src/components/color_picker.rs
FN:6,_RNvNtNtCs3ykRWvTZlvz_12screen_share10components12color_picker24___component_color_picker
FN:12,_RNCNvNtNtCs3ykRWvTZlvz_12screen_share10components12color_picker24___component_color_picker0B7_
FN:18,_RNCNCNvNtNtCs3ykRWvTZlvz_12screen_share10components12color_picker24___component_color_picker00B9_
FN:20,_RNCNCNvNtNtCs3ykRWvTZlvz_12screen_share10components12color_picker24___component_color_picker0s_0B9_
FN:18,_RNCNCNvNtNtCsaahMKozCLCE_12screen_share10components12color_picker24___component_color_picker00B9_
FN:20,_RNCNCNvNtNtCsaahMKozCLCE_12screen_share10components12color_picker24___component_color_picker0s_0B9_
FN:12,_RNCNvNtNtCsaahMKozCLCE_12screen_share10components12color_picker24___component_color_picker0B7_
FN:6,_RNvNtNtCsaahMKozCLCE_12screen_share10components12color_picker24___component_color_picker
FN:18,_RNCNCNvNtNtCs3ykRWvTZlvz_12screen_share10components12color_picker24___component_color_picker00CsgyLFsit3Uv_12screen_share
FN:20,_RNCNCNvNtNtCs3ykRWvTZlvz_12screen_share10components12color_picker24___component_color_picker0s_0CsgyLFsit3Uv_12screen_share
FNDA:0,_RNvNtNtCs3ykRWvTZlvz_12screen_share10components12color_picker24___component_color_picker
FNDA:0,_RNCNvNtNtCs3ykRWvTZlvz_12screen_share10components12color_picker24___component_color_picker0B7_
FNDA:0,_RNCNCNvNtNtCs3ykRWvTZlvz_12screen_share10components12color_picker24___component_color_picker00B9_
FNDA:0,_RNCNCNvNtNtCs3ykRWvTZlvz_12screen_share10components12color_picker24___component_color_picker0s_0B9_
FNDA:0,_RNCNCNvNtNtCsaahMKozCLCE_12screen_share10components12color_picker24___component_color_picker00B9_
FNDA:0,_RNCNCNvNtNtCsaahMKozCLCE_12screen_share10components12color_picker24___component_color_picker0s_0B9_
FNDA:0,_RNCNvNtNtCsaahMKozCLCE_12screen_share10components12color_picker24___component_color_picker0B7_
FNDA:0,_RNvNtNtCsaahMKozCLCE_12screen_share10components12color_picker24___component_color_picker
FNDA:0,_RNCNCNvNtNtCs3ykRWvTZlvz_12screen_share10components12color_picker24___component_color_picker00CsgyLFsit3Uv_12screen_share
FNDA:0,_RNCNCNvNtNtCs3ykRWvTZlvz_12screen_share10components12color_picker24___component_color_picker0s_0CsgyLFsit3Uv_12screen_share
FNF:4
FNH:0
DA:6,0
DA:7,0
DA:8,0
DA:10,0
DA:11,0
DA:12,0
DA:13,0
DA:14,0
DA:15,0
DA:16,0
DA:17,0
DA:18,0
DA:19,0
DA:20,0
DA:23,0
DA:24,0
DA:28,0
BRF:0
BRH:0
LF:20
LH:0
end_of_record
SF:/home/hiroshi/projects/screenshare/fuck_you_janja/apps/web/src/components/palette.rs
FN:17,_RNvNtNtCs3ykRWvTZlvz_12screen_share10components7palette11palette_ids
FN:29,_RNvNtNtCs3ykRWvTZlvz_12screen_share10components7palette13avatar_letter
FN:21,_RNvNtNtCs3ykRWvTZlvz_12screen_share10components7palette9color_hex
FN:33,_RNCNvNtNtCs3ykRWvTZlvz_12screen_share10components7palette13avatar_letter0B7_
FN:34,_RNCNvNtNtCs3ykRWvTZlvz_12screen_share10components7palette13avatar_letters_0B7_
FN:24,_RNCNvNtNtCs3ykRWvTZlvz_12screen_share10components7palette9color_hex0B7_
FN:25,_RNCNvNtNtCs3ykRWvTZlvz_12screen_share10components7palette9color_hexs_0B7_
FN:17,_RNvNtNtCsaahMKozCLCE_12screen_share10components7palette11palette_ids
FN:29,_RNvNtNtCsaahMKozCLCE_12screen_share10components7palette13avatar_letter
FN:21,_RNvNtNtCsaahMKozCLCE_12screen_share10components7palette9color_hex
FN:33,_RNCNvNtNtCsaahMKozCLCE_12screen_share10components7palette13avatar_letter0B7_
FN:34,_RNCNvNtNtCsaahMKozCLCE_12screen_share10components7palette13avatar_letters_0B7_
FN:24,_RNCNvNtNtCsaahMKozCLCE_12screen_share10components7palette9color_hex0B7_
FN:25,_RNCNvNtNtCsaahMKozCLCE_12screen_share10components7palette9color_hexs_0B7_
FNDA:0,_RNvNtNtCs3ykRWvTZlvz_12screen_share10components7palette11palette_ids
FNDA:0,_RNvNtNtCs3ykRWvTZlvz_12screen_share10components7palette13avatar_letter
FNDA:0,_RNvNtNtCs3ykRWvTZlvz_12screen_share10components7palette9color_hex
FNDA:0,_RNCNvNtNtCs3ykRWvTZlvz_12screen_share10components7palette13avatar_letter0B7_
FNDA:0,_RNCNvNtNtCs3ykRWvTZlvz_12screen_share10components7palette13avatar_letters_0B7_
FNDA:0,_RNCNvNtNtCs3ykRWvTZlvz_12screen_share10components7palette9color_hex0B7_
FNDA:0,_RNCNvNtNtCs3ykRWvTZlvz_12screen_share10components7palette9color_hexs_0B7_
FNDA:2,_RNvNtNtCsaahMKozCLCE_12screen_share10components7palette11palette_ids
FNDA:3,_RNvNtNtCsaahMKozCLCE_12screen_share10components7palette13avatar_letter
FNDA:3,_RNvNtNtCsaahMKozCLCE_12screen_share10components7palette9color_hex
FNDA:2,_RNCNvNtNtCsaahMKozCLCE_12screen_share10components7palette13avatar_letter0B7_
FNDA:1,_RNCNvNtNtCsaahMKozCLCE_12screen_share10components7palette13avatar_letters_0B7_
FNDA:21,_RNCNvNtNtCsaahMKozCLCE_12screen_share10components7palette9color_hex0B7_
FNDA:2,_RNCNvNtNtCsaahMKozCLCE_12screen_share10components7palette9color_hexs_0B7_
FNF:7
FNH:7
DA:17,2
DA:18,2
DA:19,2
DA:21,3
DA:22,3
DA:23,3
DA:24,21
DA:25,3
DA:26,3
DA:27,3
DA:29,3
DA:30,3
DA:31,3
DA:32,3
DA:33,3
DA:34,3
DA:35,3
BRF:0
BRH:0
LF:21
LH:21
end_of_record
SF:/home/hiroshi/projects/screenshare/fuck_you_janja/apps/web/src/components/status.rs
FN:4,_RNvNtNtCs3ykRWvTZlvz_12screen_share10components6status11status_meta
FN:4,_RNvNtNtCsaahMKozCLCE_12screen_share10components6status11status_meta
FNDA:13,_RNvNtNtCs3ykRWvTZlvz_12screen_share10components6status11status_meta
FNDA:0,_RNvNtNtCsaahMKozCLCE_12screen_share10components6status11status_meta
FNF:1
FNH:1
DA:4,13
DA:5,2
DA:6,13
DA:7,12
DA:8,11
DA:9,10
DA:10,8
DA:11,1
DA:13,7
DA:14,6
DA:15,5
DA:16,4
DA:18,4
DA:20,2
DA:21,1
DA:23,13
BRF:0
BRH:0
LF:16
LH:16
end_of_record
SF:/home/hiroshi/projects/screenshare/fuck_you_janja/apps/web/src/components/status_message.rs
FN:6,_RNvNtNtCs3ykRWvTZlvz_12screen_share10components14status_message26___component_status_message
FN:8,_RNCNvNtNtCs3ykRWvTZlvz_12screen_share10components14status_message26___component_status_message0B7_
FN:8,_RNCNvNtNtCsaahMKozCLCE_12screen_share10components14status_message26___component_status_message0B7_
FN:6,_RNvNtNtCsaahMKozCLCE_12screen_share10components14status_message26___component_status_message
FN:8,_RNCNvNtNtCs3ykRWvTZlvz_12screen_share10components14status_message26___component_status_message0CsgyLFsit3Uv_12screen_share
FN:8,_RNCNvNtNtCs3ykRWvTZlvz_12screen_share10components14status_message26___component_status_message0Cs23AIg4LHSOF_10ssr_render
FNDA:2,_RNvNtNtCs3ykRWvTZlvz_12screen_share10components14status_message26___component_status_message
FNDA:0,_RNCNvNtNtCs3ykRWvTZlvz_12screen_share10components14status_message26___component_status_message0B7_
FNDA:0,_RNCNvNtNtCsaahMKozCLCE_12screen_share10components14status_message26___component_status_message0B7_
FNDA:0,_RNvNtNtCsaahMKozCLCE_12screen_share10components14status_message26___component_status_message
FNDA:0,_RNCNvNtNtCs3ykRWvTZlvz_12screen_share10components14status_message26___component_status_message0CsgyLFsit3Uv_12screen_share
FNDA:2,_RNCNvNtNtCs3ykRWvTZlvz_12screen_share10components14status_message26___component_status_message0Cs23AIg4LHSOF_10ssr_render
FNF:2
FNH:2
DA:6,2
DA:7,2
DA:8,2
DA:9,2
DA:12,2
BRF:0
BRH:0
LF:6
LH:6
end_of_record
SF:/home/hiroshi/projects/screenshare/fuck_you_janja/apps/web/src/components/transmission_menu.rs
FN:14,_RINvNtNtCs3ykRWvTZlvz_12screen_share10components17transmission_menu29___component_transmission_menuNCNvNtNtB6_7session10video_mode22set_video_mode_handler0NCNvNtB1F_5audio24set_audio_preset_handler0EB6_
FN:37,_RNCINvNtNtCs3ykRWvTZlvz_12screen_share10components17transmission_menu29___component_transmission_menuNCNvNtNtB8_7session10video_mode22set_video_mode_handler0NCNvNtB1H_5audio24set_audio_preset_handler0E0B8_
FN:60,_RNCINvNtNtCs3ykRWvTZlvz_12screen_share10components17transmission_menu29___component_transmission_menuNCNvNtNtB8_7session10video_mode22set_video_mode_handler0NCNvNtB1H_5audio24set_audio_preset_handler0Es_0B8_
FN:97,_RNCINvNtNtCs3ykRWvTZlvz_12screen_share10components17transmission_menu29___component_transmission_menuppEs0_0B8_
FN:115,_RNCINvNtNtCs3ykRWvTZlvz_12screen_share10components17transmission_menu29___component_transmission_menuppEs1_0B8_
FN:123,_RNCINvNtNtCs3ykRWvTZlvz_12screen_share10components17transmission_menu29___component_transmission_menuppEs2_0B8_
FN:105,_RNCINvNtNtCs3ykRWvTZlvz_12screen_share10components17transmission_menu29___component_transmission_menuppEs3_0B8_
FN:106,_RNCINvNtNtCs3ykRWvTZlvz_12screen_share10components17transmission_menu29___component_transmission_menuppEs4_0B8_
FN:107,_RNCINvNtNtCs3ykRWvTZlvz_12screen_share10components17transmission_menu29___component_transmission_menuppEs5_0B8_
FN:101,_RNCINvNtNtCs3ykRWvTZlvz_12screen_share10components17transmission_menu29___component_transmission_menuppEs6_0B8_
FN:40,_RNCNCINvNtNtCs3ykRWvTZlvz_12screen_share10components17transmission_menu29___component_transmission_menuppE00Ba_
FN:47,_RNCNCINvNtNtCs3ykRWvTZlvz_12screen_share10components17transmission_menu29___component_transmission_menuppE0s_0Ba_
FN:108,_RNCNCINvNtNtCs3ykRWvTZlvz_12screen_share10components17transmission_menu29___component_transmission_menuppEs5_00Ba_
FN:63,_RNCNCINvNtNtCs3ykRWvTZlvz_12screen_share10components17transmission_menu29___component_transmission_menuppEs_00Ba_
FN:70,_RNCNCINvNtNtCs3ykRWvTZlvz_12screen_share10components17transmission_menu29___component_transmission_menuppEs_0s_0Ba_
FN:14,_RINvNtNtCsaahMKozCLCE_12screen_share10components17transmission_menu29___component_transmission_menuppEB6_
FN:37,_RNCINvNtNtCsaahMKozCLCE_12screen_share10components17transmission_menu29___component_transmission_menuppE0B8_
FN:97,_RNCINvNtNtCsaahMKozCLCE_12screen_share10components17transmission_menu29___component_transmission_menuppEs0_0B8_
FN:115,_RNCINvNtNtCsaahMKozCLCE_12screen_share10components17transmission_menu29___component_transmission_menuppEs1_0B8_
FN:123,_RNCINvNtNtCsaahMKozCLCE_12screen_share10components17transmission_menu29___component_transmission_menuppEs2_0B8_
FN:105,_RNCINvNtNtCsaahMKozCLCE_12screen_share10components17transmission_menu29___component_transmission_menuppEs3_0B8_
FN:106,_RNCINvNtNtCsaahMKozCLCE_12screen_share10components17transmission_menu29___component_transmission_menuppEs4_0B8_
FN:107,_RNCINvNtNtCsaahMKozCLCE_12screen_share10components17transmission_menu29___component_transmission_menuppEs5_0B8_
FN:101,_RNCINvNtNtCsaahMKozCLCE_12screen_share10components17transmission_menu29___component_transmission_menuppEs6_0B8_
FN:60,_RNCINvNtNtCsaahMKozCLCE_12screen_share10components17transmission_menu29___component_transmission_menuppEs_0B8_
FN:40,_RNCNCINvNtNtCsaahMKozCLCE_12screen_share10components17transmission_menu29___component_transmission_menuppE00Ba_
FN:47,_RNCNCINvNtNtCsaahMKozCLCE_12screen_share10components17transmission_menu29___component_transmission_menuppE0s_0Ba_
FN:108,_RNCNCINvNtNtCsaahMKozCLCE_12screen_share10components17transmission_menu29___component_transmission_menuppEs5_00Ba_
FN:63,_RNCNCINvNtNtCsaahMKozCLCE_12screen_share10components17transmission_menu29___component_transmission_menuppEs_00Ba_
FN:70,_RNCNCINvNtNtCsaahMKozCLCE_12screen_share10components17transmission_menu29___component_transmission_menuppEs_0s_0Ba_
FN:97,_RNCINvNtNtCs3ykRWvTZlvz_12screen_share10components17transmission_menu29___component_transmission_menuNCNvNtNtB8_7session10video_mode22set_video_mode_handler0NCNvNtB1H_5audio24set_audio_preset_handler0Es0_0CsgyLFsit3Uv_12screen_share
FN:115,_RNCINvNtNtCs3ykRWvTZlvz_12screen_share10components17transmission_menu29___component_transmission_menuNCNvNtNtB8_7session10video_mode22set_video_mode_handler0NCNvNtB1H_5audio24set_audio_preset_handler0Es1_0CsgyLFsit3Uv_12screen_share
FN:123,_RNCINvNtNtCs3ykRWvTZlvz_12screen_share10components17transmission_menu29___component_transmission_menuNCNvNtNtB8_7session10video_mode22set_video_mode_handler0NCNvNtB1H_5audio24set_audio_preset_handler0Es2_0CsgyLFsit3Uv_12screen_share
FN:105,_RNCINvNtNtCs3ykRWvTZlvz_12screen_share10components17transmission_menu29___component_transmission_menuNCNvNtNtB8_7session10video_mode22set_video_mode_handler0NCNvNtB1H_5audio24set_audio_preset_handler0Es3_0CsgyLFsit3Uv_12screen_share
FN:106,_RNCINvNtNtCs3ykRWvTZlvz_12screen_share10components17transmission_menu29___component_transmission_menuNCNvNtNtB8_7session10video_mode22set_video_mode_handler0NCNvNtB1H_5audio24set_audio_preset_handler0Es4_0CsgyLFsit3Uv_12screen_share
FN:107,_RNCINvNtNtCs3ykRWvTZlvz_12screen_share10components17transmission_menu29___component_transmission_menuNCNvNtNtB8_7session10video_mode22set_video_mode_handler0NCNvNtB1H_5audio24set_audio_preset_handler0Es5_0CsgyLFsit3Uv_12screen_share
FN:101,_RNCINvNtNtCs3ykRWvTZlvz_12screen_share10components17transmission_menu29___component_transmission_menuNCNvNtNtB8_7session10video_mode22set_video_mode_handler0NCNvNtB1H_5audio24set_audio_preset_handler0Es6_0CsgyLFsit3Uv_12screen_share
FN:40,_RNCNCINvNtNtCs3ykRWvTZlvz_12screen_share10components17transmission_menu29___component_transmission_menuNCNvNtNtBa_7session10video_mode22set_video_mode_handler0NCNvNtB1J_5audio24set_audio_preset_handler0E00CsgyLFsit3Uv_12screen_share
FN:47,_RNCNCINvNtNtCs3ykRWvTZlvz_12screen_share10components17transmission_menu29___component_transmission_menuNCNvNtNtBa_7session10video_mode22set_video_mode_handler0NCNvNtB1J_5audio24set_audio_preset_handler0E0s_0CsgyLFsit3Uv_12screen_share
FN:108,_RNCNCINvNtNtCs3ykRWvTZlvz_12screen_share10components17transmission_menu29___component_transmission_menuNCNvNtNtBa_7session10video_mode22set_video_mode_handler0NCNvNtB1J_5audio24set_audio_preset_handler0Es5_00CsgyLFsit3Uv_12screen_share
FN:63,_RNCNCINvNtNtCs3ykRWvTZlvz_12screen_share10components17transmission_menu29___component_transmission_menuNCNvNtNtBa_7session10video_mode22set_video_mode_handler0NCNvNtB1J_5audio24set_audio_preset_handler0Es_00CsgyLFsit3Uv_12screen_share
FN:70,_RNCNCINvNtNtCs3ykRWvTZlvz_12screen_share10components17transmission_menu29___component_transmission_menuNCNvNtNtBa_7session10video_mode22set_video_mode_handler0NCNvNtB1J_5audio24set_audio_preset_handler0Es_0s_0CsgyLFsit3Uv_12screen_share
FNDA:0,_RINvNtNtCs3ykRWvTZlvz_12screen_share10components17transmission_menu29___component_transmission_menuNCNvNtNtB6_7session10video_mode22set_video_mode_handler0NCNvNtB1F_5audio24set_audio_preset_handler0EB6_
FNDA:0,_RNCINvNtNtCs3ykRWvTZlvz_12screen_share10components17transmission_menu29___component_transmission_menuNCNvNtNtB8_7session10video_mode22set_video_mode_handler0NCNvNtB1H_5audio24set_audio_preset_handler0E0B8_
FNDA:0,_RNCINvNtNtCs3ykRWvTZlvz_12screen_share10components17transmission_menu29___component_transmission_menuNCNvNtNtB8_7session10video_mode22set_video_mode_handler0NCNvNtB1H_5audio24set_audio_preset_handler0Es_0B8_
FNDA:0,_RNCINvNtNtCs3ykRWvTZlvz_12screen_share10components17transmission_menu29___component_transmission_menuppEs0_0B8_
FNDA:0,_RNCINvNtNtCs3ykRWvTZlvz_12screen_share10components17transmission_menu29___component_transmission_menuppEs1_0B8_
FNDA:0,_RNCINvNtNtCs3ykRWvTZlvz_12screen_share10components17transmission_menu29___component_transmission_menuppEs2_0B8_
FNDA:0,_RNCINvNtNtCs3ykRWvTZlvz_12screen_share10components17transmission_menu29___component_transmission_menuppEs3_0B8_
FNDA:0,_RNCINvNtNtCs3ykRWvTZlvz_12screen_share10components17transmission_menu29___component_transmission_menuppEs4_0B8_
FNDA:0,_RNCINvNtNtCs3ykRWvTZlvz_12screen_share10components17transmission_menu29___component_transmission_menuppEs5_0B8_
FNDA:0,_RNCINvNtNtCs3ykRWvTZlvz_12screen_share10components17transmission_menu29___component_transmission_menuppEs6_0B8_
FNDA:0,_RNCNCINvNtNtCs3ykRWvTZlvz_12screen_share10components17transmission_menu29___component_transmission_menuppE00Ba_
FNDA:0,_RNCNCINvNtNtCs3ykRWvTZlvz_12screen_share10components17transmission_menu29___component_transmission_menuppE0s_0Ba_
FNDA:0,_RNCNCINvNtNtCs3ykRWvTZlvz_12screen_share10components17transmission_menu29___component_transmission_menuppEs5_00Ba_
FNDA:0,_RNCNCINvNtNtCs3ykRWvTZlvz_12screen_share10components17transmission_menu29___component_transmission_menuppEs_00Ba_
FNDA:0,_RNCNCINvNtNtCs3ykRWvTZlvz_12screen_share10components17transmission_menu29___component_transmission_menuppEs_0s_0Ba_
FNDA:0,_RINvNtNtCsaahMKozCLCE_12screen_share10components17transmission_menu29___component_transmission_menuppEB6_
FNDA:0,_RNCINvNtNtCsaahMKozCLCE_12screen_share10components17transmission_menu29___component_transmission_menuppE0B8_
FNDA:0,_RNCINvNtNtCsaahMKozCLCE_12screen_share10components17transmission_menu29___component_transmission_menuppEs0_0B8_
FNDA:0,_RNCINvNtNtCsaahMKozCLCE_12screen_share10components17transmission_menu29___component_transmission_menuppEs1_0B8_
FNDA:0,_RNCINvNtNtCsaahMKozCLCE_12screen_share10components17transmission_menu29___component_transmission_menuppEs2_0B8_
FNDA:0,_RNCINvNtNtCsaahMKozCLCE_12screen_share10components17transmission_menu29___component_transmission_menuppEs3_0B8_
FNDA:0,_RNCINvNtNtCsaahMKozCLCE_12screen_share10components17transmission_menu29___component_transmission_menuppEs4_0B8_
FNDA:0,_RNCINvNtNtCsaahMKozCLCE_12screen_share10components17transmission_menu29___component_transmission_menuppEs5_0B8_
FNDA:0,_RNCINvNtNtCsaahMKozCLCE_12screen_share10components17transmission_menu29___component_transmission_menuppEs6_0B8_
FNDA:0,_RNCINvNtNtCsaahMKozCLCE_12screen_share10components17transmission_menu29___component_transmission_menuppEs_0B8_
FNDA:0,_RNCNCINvNtNtCsaahMKozCLCE_12screen_share10components17transmission_menu29___component_transmission_menuppE00Ba_
FNDA:0,_RNCNCINvNtNtCsaahMKozCLCE_12screen_share10components17transmission_menu29___component_transmission_menuppE0s_0Ba_
FNDA:0,_RNCNCINvNtNtCsaahMKozCLCE_12screen_share10components17transmission_menu29___component_transmission_menuppEs5_00Ba_
FNDA:0,_RNCNCINvNtNtCsaahMKozCLCE_12screen_share10components17transmission_menu29___component_transmission_menuppEs_00Ba_
FNDA:0,_RNCNCINvNtNtCsaahMKozCLCE_12screen_share10components17transmission_menu29___component_transmission_menuppEs_0s_0Ba_
FNDA:0,_RNCINvNtNtCs3ykRWvTZlvz_12screen_share10components17transmission_menu29___component_transmission_menuNCNvNtNtB8_7session10video_mode22set_video_mode_handler0NCNvNtB1H_5audio24set_audio_preset_handler0Es0_0CsgyLFsit3Uv_12screen_share
FNDA:0,_RNCINvNtNtCs3ykRWvTZlvz_12screen_share10components17transmission_menu29___component_transmission_menuNCNvNtNtB8_7session10video_mode22set_video_mode_handler0NCNvNtB1H_5audio24set_audio_preset_handler0Es1_0CsgyLFsit3Uv_12screen_share
FNDA:0,_RNCINvNtNtCs3ykRWvTZlvz_12screen_share10components17transmission_menu29___component_transmission_menuNCNvNtNtB8_7session10video_mode22set_video_mode_handler0NCNvNtB1H_5audio24set_audio_preset_handler0Es2_0CsgyLFsit3Uv_12screen_share
FNDA:0,_RNCINvNtNtCs3ykRWvTZlvz_12screen_share10components17transmission_menu29___component_transmission_menuNCNvNtNtB8_7session10video_mode22set_video_mode_handler0NCNvNtB1H_5audio24set_audio_preset_handler0Es3_0CsgyLFsit3Uv_12screen_share
FNDA:0,_RNCINvNtNtCs3ykRWvTZlvz_12screen_share10components17transmission_menu29___component_transmission_menuNCNvNtNtB8_7session10video_mode22set_video_mode_handler0NCNvNtB1H_5audio24set_audio_preset_handler0Es4_0CsgyLFsit3Uv_12screen_share
FNDA:0,_RNCINvNtNtCs3ykRWvTZlvz_12screen_share10components17transmission_menu29___component_transmission_menuNCNvNtNtB8_7session10video_mode22set_video_mode_handler0NCNvNtB1H_5audio24set_audio_preset_handler0Es5_0CsgyLFsit3Uv_12screen_share
FNDA:0,_RNCINvNtNtCs3ykRWvTZlvz_12screen_share10components17transmission_menu29___component_transmission_menuNCNvNtNtB8_7session10video_mode22set_video_mode_handler0NCNvNtB1H_5audio24set_audio_preset_handler0Es6_0CsgyLFsit3Uv_12screen_share
FNDA:0,_RNCNCINvNtNtCs3ykRWvTZlvz_12screen_share10components17transmission_menu29___component_transmission_menuNCNvNtNtBa_7session10video_mode22set_video_mode_handler0NCNvNtB1J_5audio24set_audio_preset_handler0E00CsgyLFsit3Uv_12screen_share
FNDA:0,_RNCNCINvNtNtCs3ykRWvTZlvz_12screen_share10components17transmission_menu29___component_transmission_menuNCNvNtNtBa_7session10video_mode22set_video_mode_handler0NCNvNtB1J_5audio24set_audio_preset_handler0E0s_0CsgyLFsit3Uv_12screen_share
FNDA:0,_RNCNCINvNtNtCs3ykRWvTZlvz_12screen_share10components17transmission_menu29___component_transmission_menuNCNvNtNtBa_7session10video_mode22set_video_mode_handler0NCNvNtB1J_5audio24set_audio_preset_handler0Es5_00CsgyLFsit3Uv_12screen_share
FNDA:0,_RNCNCINvNtNtCs3ykRWvTZlvz_12screen_share10components17transmission_menu29___component_transmission_menuNCNvNtNtBa_7session10video_mode22set_video_mode_handler0NCNvNtB1J_5audio24set_audio_preset_handler0Es_00CsgyLFsit3Uv_12screen_share
FNDA:0,_RNCNCINvNtNtCs3ykRWvTZlvz_12screen_share10components17transmission_menu29___component_transmission_menuNCNvNtNtBa_7session10video_mode22set_video_mode_handler0NCNvNtB1J_5audio24set_audio_preset_handler0Es_0s_0CsgyLFsit3Uv_12screen_share
FNF:15
FNH:0
DA:14,0
DA:15,0
DA:16,0
DA:17,0
DA:18,0
DA:19,0
DA:20,0
DA:21,0
DA:22,0
DA:23,0
DA:24,0
DA:25,0
DA:26,0
DA:27,0
DA:28,0
DA:29,0
DA:30,0
DA:31,0
DA:32,0
DA:33,0
DA:35,0
DA:36,0
DA:37,0
DA:38,0
DA:39,0
DA:40,0
DA:41,0
DA:42,0
DA:43,0
DA:44,0
DA:45,0
DA:46,0
DA:47,0
DA:48,0
DA:49,0
DA:50,0
DA:52,0
DA:55,0
DA:56,0
DA:58,0
DA:59,0
DA:60,0
DA:61,0
DA:62,0
DA:63,0
DA:64,0
DA:65,0
DA:66,0
DA:67,0
DA:68,0
DA:69,0
DA:70,0
DA:71,0
DA:72,0
DA:73,0
DA:75,0
DA:78,0
DA:79,0
DA:81,0
DA:82,0
DA:83,0
DA:84,0
DA:85,0
DA:86,0
DA:87,0
DA:88,0
DA:90,0
DA:92,0
DA:93,0
DA:95,0
DA:97,0
DA:99,0
DA:101,0
DA:102,0
DA:103,0
DA:104,0
DA:105,0
DA:106,0
DA:107,0
DA:108,0
DA:112,0
DA:113,0
DA:115,0
DA:116,0
DA:117,0
DA:119,0
DA:121,0
DA:122,0
DA:123,0
DA:124,0
DA:125,0
DA:132,0
BRF:0
BRH:0
LF:104
LH:0
end_of_record
SF:/home/hiroshi/projects/screenshare/fuck_you_janja/apps/web/src/features/home/create_room.rs
FN:18,_RNvNtNtNtCs3ykRWvTZlvz_12screen_share8features4home11create_room19create_room_handler
FN:211,_RNvNtNtNtCs3ykRWvTZlvz_12screen_share8features4home11create_room29start_quick_share_after_mount
FN:4,_RNvNtNtNtCs3ykRWvTZlvz_12screen_share8features4home11create_room31load_last_room_name_after_mount
FN:27,_RNCNvNtNtNtCs3ykRWvTZlvz_12screen_share8features4home11create_room19create_room_handler0B9_
FN:27,_RNCNvNtNtNtCsaahMKozCLCE_12screen_share8features4home11create_room19create_room_handler0B9_
FN:18,_RNvNtNtNtCsaahMKozCLCE_12screen_share8features4home11create_room19create_room_handler
FN:211,_RNvNtNtNtCsaahMKozCLCE_12screen_share8features4home11create_room29start_quick_share_after_mount
FN:4,_RNvNtNtNtCsaahMKozCLCE_12screen_share8features4home11create_room31load_last_room_name_after_mount
FN:27,_RNCNvNtNtNtCs3ykRWvTZlvz_12screen_share8features4home11create_room19create_room_handler0CsgyLFsit3Uv_12screen_share
FNDA:0,_RNvNtNtNtCs3ykRWvTZlvz_12screen_share8features4home11create_room19create_room_handler
FNDA:0,_RNvNtNtNtCs3ykRWvTZlvz_12screen_share8features4home11create_room29start_quick_share_after_mount
FNDA:0,_RNvNtNtNtCs3ykRWvTZlvz_12screen_share8features4home11create_room31load_last_room_name_after_mount
FNDA:0,_RNCNvNtNtNtCs3ykRWvTZlvz_12screen_share8features4home11create_room19create_room_handler0B9_
FNDA:0,_RNCNvNtNtNtCsaahMKozCLCE_12screen_share8features4home11create_room19create_room_handler0B9_
FNDA:0,_RNvNtNtNtCsaahMKozCLCE_12screen_share8features4home11create_room19create_room_handler
FNDA:0,_RNvNtNtNtCsaahMKozCLCE_12screen_share8features4home11create_room29start_quick_share_after_mount
FNDA:0,_RNvNtNtNtCsaahMKozCLCE_12screen_share8features4home11create_room31load_last_room_name_after_mount
FNDA:0,_RNCNvNtNtNtCs3ykRWvTZlvz_12screen_share8features4home11create_room19create_room_handler0CsgyLFsit3Uv_12screen_share
FNF:4
FNH:0
DA:4,0
DA:18,0
DA:19,0
DA:20,0
DA:21,0
DA:22,0
DA:23,0
DA:24,0
DA:25,0
DA:26,0
DA:27,0
DA:28,0
DA:211,0
DA:212,0
DA:213,0
DA:214,0
DA:215,0
BRF:0
BRH:0
LF:17
LH:0
end_of_record
SF:/home/hiroshi/projects/screenshare/fuck_you_janja/apps/web/src/features/home/join_room.rs
FN:33,_RNvNtNtNtCs3ykRWvTZlvz_12screen_share8features4home9join_room17join_room_handler
FN:37,_RNCNvNtNtNtCs3ykRWvTZlvz_12screen_share8features4home9join_room17join_room_handler0B9_
FN:37,_RNCNvNtNtNtCsaahMKozCLCE_12screen_share8features4home9join_room17join_room_handler0B9_
FN:33,_RNvNtNtNtCsaahMKozCLCE_12screen_share8features4home9join_room17join_room_handler
FN:11,_RNvNtNtNtCsaahMKozCLCE_12screen_share8features4home9join_room17extract_room_code
FN:37,_RNCNvNtNtNtCs3ykRWvTZlvz_12screen_share8features4home9join_room17join_room_handler0CsgyLFsit3Uv_12screen_share
FNDA:0,_RNvNtNtNtCs3ykRWvTZlvz_12screen_share8features4home9join_room17join_room_handler
FNDA:0,_RNCNvNtNtNtCs3ykRWvTZlvz_12screen_share8features4home9join_room17join_room_handler0B9_
FNDA:0,_RNCNvNtNtNtCsaahMKozCLCE_12screen_share8features4home9join_room17join_room_handler0B9_
FNDA:0,_RNvNtNtNtCsaahMKozCLCE_12screen_share8features4home9join_room17join_room_handler
FNDA:5,_RNvNtNtNtCsaahMKozCLCE_12screen_share8features4home9join_room17extract_room_code
FNDA:0,_RNCNvNtNtNtCs3ykRWvTZlvz_12screen_share8features4home9join_room17join_room_handler0CsgyLFsit3Uv_12screen_share
FNF:3
FNH:1
DA:11,5
DA:12,5
DA:13,5
DA:14,1
DA:15,4
DA:16,4
DA:17,2
DA:18,2
DA:20,4
DA:21,4
DA:22,4
DA:23,4
DA:24,4
DA:25,4
DA:26,0
DA:28,4
DA:30,5
DA:33,0
DA:34,0
DA:35,0
DA:36,0
DA:37,0
DA:38,0
BRF:0
BRH:0
LF:23
LH:16
end_of_record
SF:/home/hiroshi/projects/screenshare/fuck_you_janja/apps/web/src/features/home/mod.rs
FN:109,_RNCNvNtNtCs3ykRWvTZlvz_12screen_share8features4home21___component_home_pages0_0B7_
FN:120,_RNCNvNtNtCs3ykRWvTZlvz_12screen_share8features4home21___component_home_pages1_0B7_
FN:129,_RNCNvNtNtCs3ykRWvTZlvz_12screen_share8features4home21___component_home_pages2_0B7_
FN:151,_RNCNvNtNtCs3ykRWvTZlvz_12screen_share8features4home21___component_home_pages5_0B7_
FN:174,_RNCNvNtNtCs3ykRWvTZlvz_12screen_share8features4home21___component_home_pages8_0B7_
FN:20,_RNvNtNtCs3ykRWvTZlvz_12screen_share8features4home21___component_home_page
FN:200,_RNCNCNCNvNtNtCs3ykRWvTZlvz_12screen_share8features4home21___component_home_pagesc_000Bb_
FN:67,_RNCNCNvNtNtCs3ykRWvTZlvz_12screen_share8features4home21___component_home_page00B9_
FN:72,_RNCNCNvNtNtCs3ykRWvTZlvz_12screen_share8features4home21___component_home_page0s_0B9_
FN:199,_RNCNCNvNtNtCs3ykRWvTZlvz_12screen_share8features4home21___component_home_pagesc_00B9_
FN:197,_RNCNCNvNtNtCs3ykRWvTZlvz_12screen_share8features4home21___component_home_pagesc_0s_0B9_
FN:62,_RNCNvNtNtCs3ykRWvTZlvz_12screen_share8features4home21___component_home_page0B7_
FN:135,_RNCNvNtNtCs3ykRWvTZlvz_12screen_share8features4home21___component_home_pages3_0B7_
FN:150,_RNCNvNtNtCs3ykRWvTZlvz_12screen_share8features4home21___component_home_pages4_0B7_
FN:144,_RNCNvNtNtCs3ykRWvTZlvz_12screen_share8features4home21___component_home_pages6_0B7_
FN:155,_RNCNvNtNtCs3ykRWvTZlvz_12screen_share8features4home21___component_home_pages7_0B7_
FN:180,_RNCNvNtNtCs3ykRWvTZlvz_12screen_share8features4home21___component_home_pages9_0B7_
FN:84,_RNCNvNtNtCs3ykRWvTZlvz_12screen_share8features4home21___component_home_pages_0B7_
FN:186,_RNCNvNtNtCs3ykRWvTZlvz_12screen_share8features4home21___component_home_pagesa_0B7_
FN:186,_RNCNvNtNtCs3ykRWvTZlvz_12screen_share8features4home21___component_home_pagesb_0B7_
FN:212,_RNCNvNtNtCs3ykRWvTZlvz_12screen_share8features4home21___component_home_pagesc_0B7_
FN:184,_RNCNvNtNtCs3ykRWvTZlvz_12screen_share8features4home21___component_home_pagesd_0B7_
FN:200,_RNCNCNCNvNtNtCsaahMKozCLCE_12screen_share8features4home21___component_home_pagesc_000Bb_
FN:67,_RNCNCNvNtNtCsaahMKozCLCE_12screen_share8features4home21___component_home_page00B9_
FN:72,_RNCNCNvNtNtCsaahMKozCLCE_12screen_share8features4home21___component_home_page0s_0B9_
FN:199,_RNCNCNvNtNtCsaahMKozCLCE_12screen_share8features4home21___component_home_pagesc_00B9_
FN:197,_RNCNCNvNtNtCsaahMKozCLCE_12screen_share8features4home21___component_home_pagesc_0s_0B9_
FN:62,_RNCNvNtNtCsaahMKozCLCE_12screen_share8features4home21___component_home_page0B7_
FN:109,_RNCNvNtNtCsaahMKozCLCE_12screen_share8features4home21___component_home_pages0_0B7_
FN:120,_RNCNvNtNtCsaahMKozCLCE_12screen_share8features4home21___component_home_pages1_0B7_
FN:129,_RNCNvNtNtCsaahMKozCLCE_12screen_share8features4home21___component_home_pages2_0B7_
FN:135,_RNCNvNtNtCsaahMKozCLCE_12screen_share8features4home21___component_home_pages3_0B7_
FN:150,_RNCNvNtNtCsaahMKozCLCE_12screen_share8features4home21___component_home_pages4_0B7_
FN:151,_RNCNvNtNtCsaahMKozCLCE_12screen_share8features4home21___component_home_pages5_0B7_
FN:144,_RNCNvNtNtCsaahMKozCLCE_12screen_share8features4home21___component_home_pages6_0B7_
FN:155,_RNCNvNtNtCsaahMKozCLCE_12screen_share8features4home21___component_home_pages7_0B7_
FN:174,_RNCNvNtNtCsaahMKozCLCE_12screen_share8features4home21___component_home_pages8_0B7_
FN:180,_RNCNvNtNtCsaahMKozCLCE_12screen_share8features4home21___component_home_pages9_0B7_
FN:84,_RNCNvNtNtCsaahMKozCLCE_12screen_share8features4home21___component_home_pages_0B7_
FN:186,_RNCNvNtNtCsaahMKozCLCE_12screen_share8features4home21___component_home_pagesa_0B7_
FN:186,_RNCNvNtNtCsaahMKozCLCE_12screen_share8features4home21___component_home_pagesb_0B7_
FN:212,_RNCNvNtNtCsaahMKozCLCE_12screen_share8features4home21___component_home_pagesc_0B7_
FN:184,_RNCNvNtNtCsaahMKozCLCE_12screen_share8features4home21___component_home_pagesd_0B7_
FN:20,_RNvNtNtCsaahMKozCLCE_12screen_share8features4home21___component_home_page
FN:200,_RNCNCNCNvNtNtCs3ykRWvTZlvz_12screen_share8features4home21___component_home_pagesc_000CsgyLFsit3Uv_12screen_share
FN:67,_RNCNCNvNtNtCs3ykRWvTZlvz_12screen_share8features4home21___component_home_page00CsgyLFsit3Uv_12screen_share
FN:72,_RNCNCNvNtNtCs3ykRWvTZlvz_12screen_share8features4home21___component_home_page0s_0CsgyLFsit3Uv_12screen_share
FN:199,_RNCNCNvNtNtCs3ykRWvTZlvz_12screen_share8features4home21___component_home_pagesc_00CsgyLFsit3Uv_12screen_share
FN:197,_RNCNCNvNtNtCs3ykRWvTZlvz_12screen_share8features4home21___component_home_pagesc_0s_0CsgyLFsit3Uv_12screen_share
FN:62,_RNCNvNtNtCs3ykRWvTZlvz_12screen_share8features4home21___component_home_page0CsgyLFsit3Uv_12screen_share
FN:135,_RNCNvNtNtCs3ykRWvTZlvz_12screen_share8features4home21___component_home_pages3_0CsgyLFsit3Uv_12screen_share
FN:150,_RNCNvNtNtCs3ykRWvTZlvz_12screen_share8features4home21___component_home_pages4_0CsgyLFsit3Uv_12screen_share
FN:144,_RNCNvNtNtCs3ykRWvTZlvz_12screen_share8features4home21___component_home_pages6_0CsgyLFsit3Uv_12screen_share
FN:155,_RNCNvNtNtCs3ykRWvTZlvz_12screen_share8features4home21___component_home_pages7_0CsgyLFsit3Uv_12screen_share
FN:180,_RNCNvNtNtCs3ykRWvTZlvz_12screen_share8features4home21___component_home_pages9_0CsgyLFsit3Uv_12screen_share
FN:84,_RNCNvNtNtCs3ykRWvTZlvz_12screen_share8features4home21___component_home_pages_0CsgyLFsit3Uv_12screen_share
FN:186,_RNCNvNtNtCs3ykRWvTZlvz_12screen_share8features4home21___component_home_pagesa_0CsgyLFsit3Uv_12screen_share
FN:186,_RNCNvNtNtCs3ykRWvTZlvz_12screen_share8features4home21___component_home_pagesb_0CsgyLFsit3Uv_12screen_share
FN:212,_RNCNvNtNtCs3ykRWvTZlvz_12screen_share8features4home21___component_home_pagesc_0CsgyLFsit3Uv_12screen_share
FN:184,_RNCNvNtNtCs3ykRWvTZlvz_12screen_share8features4home21___component_home_pagesd_0CsgyLFsit3Uv_12screen_share
FNDA:0,_RNCNvNtNtCs3ykRWvTZlvz_12screen_share8features4home21___component_home_pages0_0B7_
FNDA:0,_RNCNvNtNtCs3ykRWvTZlvz_12screen_share8features4home21___component_home_pages1_0B7_
FNDA:0,_RNCNvNtNtCs3ykRWvTZlvz_12screen_share8features4home21___component_home_pages2_0B7_
FNDA:0,_RNCNvNtNtCs3ykRWvTZlvz_12screen_share8features4home21___component_home_pages5_0B7_
FNDA:0,_RNCNvNtNtCs3ykRWvTZlvz_12screen_share8features4home21___component_home_pages8_0B7_
FNDA:0,_RNvNtNtCs3ykRWvTZlvz_12screen_share8features4home21___component_home_page
FNDA:0,_RNCNCNCNvNtNtCs3ykRWvTZlvz_12screen_share8features4home21___component_home_pagesc_000Bb_
FNDA:0,_RNCNCNvNtNtCs3ykRWvTZlvz_12screen_share8features4home21___component_home_page00B9_
FNDA:0,_RNCNCNvNtNtCs3ykRWvTZlvz_12screen_share8features4home21___component_home_page0s_0B9_
FNDA:0,_RNCNCNvNtNtCs3ykRWvTZlvz_12screen_share8features4home21___component_home_pagesc_00B9_
FNDA:0,_RNCNCNvNtNtCs3ykRWvTZlvz_12screen_share8features4home21___component_home_pagesc_0s_0B9_
FNDA:0,_RNCNvNtNtCs3ykRWvTZlvz_12screen_share8features4home21___component_home_page0B7_
FNDA:0,_RNCNvNtNtCs3ykRWvTZlvz_12screen_share8features4home21___component_home_pages3_0B7_
FNDA:0,_RNCNvNtNtCs3ykRWvTZlvz_12screen_share8features4home21___component_home_pages4_0B7_
FNDA:0,_RNCNvNtNtCs3ykRWvTZlvz_12screen_share8features4home21___component_home_pages6_0B7_
FNDA:0,_RNCNvNtNtCs3ykRWvTZlvz_12screen_share8features4home21___component_home_pages7_0B7_
FNDA:0,_RNCNvNtNtCs3ykRWvTZlvz_12screen_share8features4home21___component_home_pages9_0B7_
FNDA:0,_RNCNvNtNtCs3ykRWvTZlvz_12screen_share8features4home21___component_home_pages_0B7_
FNDA:0,_RNCNvNtNtCs3ykRWvTZlvz_12screen_share8features4home21___component_home_pagesa_0B7_
FNDA:0,_RNCNvNtNtCs3ykRWvTZlvz_12screen_share8features4home21___component_home_pagesb_0B7_
FNDA:0,_RNCNvNtNtCs3ykRWvTZlvz_12screen_share8features4home21___component_home_pagesc_0B7_
FNDA:0,_RNCNvNtNtCs3ykRWvTZlvz_12screen_share8features4home21___component_home_pagesd_0B7_
FNDA:0,_RNCNCNCNvNtNtCsaahMKozCLCE_12screen_share8features4home21___component_home_pagesc_000Bb_
FNDA:0,_RNCNCNvNtNtCsaahMKozCLCE_12screen_share8features4home21___component_home_page00B9_
FNDA:0,_RNCNCNvNtNtCsaahMKozCLCE_12screen_share8features4home21___component_home_page0s_0B9_
FNDA:0,_RNCNCNvNtNtCsaahMKozCLCE_12screen_share8features4home21___component_home_pagesc_00B9_
FNDA:0,_RNCNCNvNtNtCsaahMKozCLCE_12screen_share8features4home21___component_home_pagesc_0s_0B9_
FNDA:0,_RNCNvNtNtCsaahMKozCLCE_12screen_share8features4home21___component_home_page0B7_
FNDA:0,_RNCNvNtNtCsaahMKozCLCE_12screen_share8features4home21___component_home_pages0_0B7_
FNDA:0,_RNCNvNtNtCsaahMKozCLCE_12screen_share8features4home21___component_home_pages1_0B7_
FNDA:0,_RNCNvNtNtCsaahMKozCLCE_12screen_share8features4home21___component_home_pages2_0B7_
FNDA:0,_RNCNvNtNtCsaahMKozCLCE_12screen_share8features4home21___component_home_pages3_0B7_
FNDA:0,_RNCNvNtNtCsaahMKozCLCE_12screen_share8features4home21___component_home_pages4_0B7_
FNDA:0,_RNCNvNtNtCsaahMKozCLCE_12screen_share8features4home21___component_home_pages5_0B7_
FNDA:0,_RNCNvNtNtCsaahMKozCLCE_12screen_share8features4home21___component_home_pages6_0B7_
FNDA:0,_RNCNvNtNtCsaahMKozCLCE_12screen_share8features4home21___component_home_pages7_0B7_
FNDA:0,_RNCNvNtNtCsaahMKozCLCE_12screen_share8features4home21___component_home_pages8_0B7_
FNDA:0,_RNCNvNtNtCsaahMKozCLCE_12screen_share8features4home21___component_home_pages9_0B7_
FNDA:0,_RNCNvNtNtCsaahMKozCLCE_12screen_share8features4home21___component_home_pages_0B7_
FNDA:0,_RNCNvNtNtCsaahMKozCLCE_12screen_share8features4home21___component_home_pagesa_0B7_
FNDA:0,_RNCNvNtNtCsaahMKozCLCE_12screen_share8features4home21___component_home_pagesb_0B7_
FNDA:0,_RNCNvNtNtCsaahMKozCLCE_12screen_share8features4home21___component_home_pagesc_0B7_
FNDA:0,_RNCNvNtNtCsaahMKozCLCE_12screen_share8features4home21___component_home_pagesd_0B7_
FNDA:0,_RNvNtNtCsaahMKozCLCE_12screen_share8features4home21___component_home_page
FNDA:0,_RNCNCNCNvNtNtCs3ykRWvTZlvz_12screen_share8features4home21___component_home_pagesc_000CsgyLFsit3Uv_12screen_share
FNDA:0,_RNCNCNvNtNtCs3ykRWvTZlvz_12screen_share8features4home21___component_home_page00CsgyLFsit3Uv_12screen_share
FNDA:0,_RNCNCNvNtNtCs3ykRWvTZlvz_12screen_share8features4home21___component_home_page0s_0CsgyLFsit3Uv_12screen_share
FNDA:0,_RNCNCNvNtNtCs3ykRWvTZlvz_12screen_share8features4home21___component_home_pagesc_00CsgyLFsit3Uv_12screen_share
FNDA:0,_RNCNCNvNtNtCs3ykRWvTZlvz_12screen_share8features4home21___component_home_pagesc_0s_0CsgyLFsit3Uv_12screen_share
FNDA:0,_RNCNvNtNtCs3ykRWvTZlvz_12screen_share8features4home21___component_home_page0CsgyLFsit3Uv_12screen_share
FNDA:0,_RNCNvNtNtCs3ykRWvTZlvz_12screen_share8features4home21___component_home_pages3_0CsgyLFsit3Uv_12screen_share
FNDA:0,_RNCNvNtNtCs3ykRWvTZlvz_12screen_share8features4home21___component_home_pages4_0CsgyLFsit3Uv_12screen_share
FNDA:0,_RNCNvNtNtCs3ykRWvTZlvz_12screen_share8features4home21___component_home_pages6_0CsgyLFsit3Uv_12screen_share
FNDA:0,_RNCNvNtNtCs3ykRWvTZlvz_12screen_share8features4home21___component_home_pages7_0CsgyLFsit3Uv_12screen_share
FNDA:0,_RNCNvNtNtCs3ykRWvTZlvz_12screen_share8features4home21___component_home_pages9_0CsgyLFsit3Uv_12screen_share
FNDA:0,_RNCNvNtNtCs3ykRWvTZlvz_12screen_share8features4home21___component_home_pages_0CsgyLFsit3Uv_12screen_share
FNDA:0,_RNCNvNtNtCs3ykRWvTZlvz_12screen_share8features4home21___component_home_pagesa_0CsgyLFsit3Uv_12screen_share
FNDA:0,_RNCNvNtNtCs3ykRWvTZlvz_12screen_share8features4home21___component_home_pagesb_0CsgyLFsit3Uv_12screen_share
FNDA:0,_RNCNvNtNtCs3ykRWvTZlvz_12screen_share8features4home21___component_home_pagesc_0CsgyLFsit3Uv_12screen_share
FNDA:0,_RNCNvNtNtCs3ykRWvTZlvz_12screen_share8features4home21___component_home_pagesd_0CsgyLFsit3Uv_12screen_share
FNF:22
FNH:0
DA:20,0
DA:25,0
DA:26,0
DA:27,0
DA:28,0
DA:29,0
DA:30,0
DA:31,0
DA:32,0
DA:33,0
DA:34,0
DA:35,0
DA:39,0
DA:41,0
DA:42,0
DA:44,0
DA:45,0
DA:46,0
DA:47,0
DA:48,0
DA:49,0
DA:50,0
DA:51,0
DA:53,0
DA:55,0
DA:56,0
DA:57,0
DA:62,0
DA:63,0
DA:64,0
DA:65,0
DA:66,0
DA:67,0
DA:68,0
DA:69,0
DA:70,0
DA:71,0
DA:72,0
DA:73,0
DA:74,0
DA:76,0
DA:78,0
DA:80,0
DA:81,0
DA:82,0
DA:84,0
DA:85,0
DA:96,0
DA:97,0
DA:101,0
DA:102,0
DA:104,0
DA:105,0
DA:106,0
DA:107,0
DA:108,0
DA:109,0
DA:112,0
DA:113,0
DA:115,0
DA:116,0
DA:117,0
DA:118,0
DA:119,0
DA:120,0
DA:123,0
DA:124,0
DA:125,0
DA:126,0
DA:127,0
DA:128,0
DA:129,0
DA:134,0
DA:135,0
DA:136,0
DA:137,0
DA:139,0
DA:141,0
DA:144,0
DA:146,0
DA:147,0
DA:148,0
DA:149,0
DA:150,0
DA:151,0
DA:154,0
DA:155,0
DA:159,0
DA:162,0
DA:166,0
DA:167,0
DA:169,0
DA:170,0
DA:171,0
DA:172,0
DA:173,0
DA:174,0
DA:180,0
DA:181,0
DA:184,0
DA:186,0
DA:197,0
DA:199,0
DA:200,0
DA:201,0
DA:212,0
DA:213,0
BRF:0
BRH:0
LF:123
LH:0
end_of_record
SF:/home/hiroshi/projects/screenshare/fuck_you_janja/apps/web/src/features/home/recent_rooms.rs
FN:23,_RNvNtNtNtCs3ykRWvTZlvz_12screen_share8features4home12recent_rooms18prune_recent_rooms
FN:6,_RNvNtNtNtCs3ykRWvTZlvz_12screen_share8features4home12recent_rooms29load_recent_rooms_after_mount
FN:23,_RNvNtNtNtCsaahMKozCLCE_12screen_share8features4home12recent_rooms18prune_recent_rooms
FN:6,_RNvNtNtNtCsaahMKozCLCE_12screen_share8features4home12recent_rooms29load_recent_rooms_after_mount
FNDA:0,_RNvNtNtNtCs3ykRWvTZlvz_12screen_share8features4home12recent_rooms18prune_recent_rooms
FNDA:0,_RNvNtNtNtCs3ykRWvTZlvz_12screen_share8features4home12recent_rooms29load_recent_rooms_after_mount
FNDA:0,_RNvNtNtNtCsaahMKozCLCE_12screen_share8features4home12recent_rooms18prune_recent_rooms
FNDA:0,_RNvNtNtNtCsaahMKozCLCE_12screen_share8features4home12recent_rooms29load_recent_rooms_after_mount
FNF:2
FNH:0
DA:6,0
DA:7,0
DA:8,0
DA:9,0
DA:23,0
DA:24,0
DA:25,0
DA:26,0
DA:27,0
BRF:0
BRH:0
LF:9
LH:0
end_of_record
SF:/home/hiroshi/projects/screenshare/fuck_you_janja/apps/web/src/features/not_found.rs
FN:7,_RNvNtNtCs3ykRWvTZlvz_12screen_share8features9not_found21___component_not_found
FN:7,_RNvNtNtCsaahMKozCLCE_12screen_share8features9not_found21___component_not_found
FNDA:0,_RNvNtNtCs3ykRWvTZlvz_12screen_share8features9not_found21___component_not_found
FNDA:0,_RNvNtNtCsaahMKozCLCE_12screen_share8features9not_found21___component_not_found
FNF:1
FNH:0
DA:7,0
DA:8,0
DA:9,0
DA:23,0
BRF:0
BRH:0
LF:4
LH:0
end_of_record
SF:/home/hiroshi/projects/screenshare/fuck_you_janja/apps/web/src/features/profile.rs
FN:32,_RNvNtNtCs3ykRWvTZlvz_12screen_share8features7profile24load_profile_after_mount
FN:13,_RNvXNtNtCs3ykRWvTZlvz_12screen_share8features7profileNtB2_7ProfileNtNtCsc36rpYXAlPq_4core7default7Default7default
FN:32,_RNvNtNtCsaahMKozCLCE_12screen_share8features7profile24load_profile_after_mount
FN:13,_RNvXNtNtCsaahMKozCLCE_12screen_share8features7profileNtB2_7ProfileNtNtCsc36rpYXAlPq_4core7default7Default7default
FNDA:0,_RNvNtNtCs3ykRWvTZlvz_12screen_share8features7profile24load_profile_after_mount
FNDA:0,_RNvXNtNtCs3ykRWvTZlvz_12screen_share8features7profileNtB2_7ProfileNtNtCsc36rpYXAlPq_4core7default7Default7default
FNDA:0,_RNvNtNtCsaahMKozCLCE_12screen_share8features7profile24load_profile_after_mount
FNDA:0,_RNvXNtNtCsaahMKozCLCE_12screen_share8features7profileNtB2_7ProfileNtNtCsc36rpYXAlPq_4core7default7Default7default
FNF:2
FNH:0
DA:13,0
DA:14,0
DA:15,0
DA:16,0
DA:17,0
DA:18,0
DA:32,0
BRF:0
BRH:0
LF:7
LH:0
end_of_record
SF:/home/hiroshi/projects/screenshare/fuck_you_janja/apps/web/src/features/room/grid.rs
FN:127,_RNvNtNtNtCs3ykRWvTZlvz_12screen_share8features4room4grid19setup_adaptive_grid
FN:6,_RNvNtNtNtCs3ykRWvTZlvz_12screen_share8features4room4grid24setup_auto_hide_controls
FN:209,_RNCNvNtNtNtCs3ykRWvTZlvz_12screen_share8features4room4grid17best_column_count0B9_
FN:214,_RNCNvNtNtNtCs3ykRWvTZlvz_12screen_share8features4room4grid17best_column_counts_0B9_
FN:11,_RNCNvNtNtNtCs3ykRWvTZlvz_12screen_share8features4room4grid24setup_auto_hide_controls0B9_
FN:11,_RNCNvNtNtNtCs3ykRWvTZlvz_12screen_share8features4room4grid24setup_auto_hide_controlss_0B9_
FN:200,_RNvNtNtNtCs3ykRWvTZlvz_12screen_share8features4room4grid17best_column_count
FN:11,_RNCNvNtNtNtCsaahMKozCLCE_12screen_share8features4room4grid24setup_auto_hide_controls0B9_
FN:11,_RNCNvNtNtNtCsaahMKozCLCE_12screen_share8features4room4grid24setup_auto_hide_controlss_0B9_
FN:127,_RNvNtNtNtCsaahMKozCLCE_12screen_share8features4room4grid19setup_adaptive_grid
FN:6,_RNvNtNtNtCsaahMKozCLCE_12screen_share8features4room4grid24setup_auto_hide_controls
FN:209,_RNCNvNtNtNtCsaahMKozCLCE_12screen_share8features4room4grid17best_column_count0B9_
FN:214,_RNCNvNtNtNtCsaahMKozCLCE_12screen_share8features4room4grid17best_column_counts_0B9_
FN:200,_RNvNtNtNtCsaahMKozCLCE_12screen_share8features4room4grid17best_column_count
FN:11,_RNCNvNtNtNtCs3ykRWvTZlvz_12screen_share8features4room4grid24setup_auto_hide_controls0CsgyLFsit3Uv_12screen_share
FN:11,_RNCNvNtNtNtCs3ykRWvTZlvz_12screen_share8features4room4grid24setup_auto_hide_controlss_0CsgyLFsit3Uv_12screen_share
FNDA:0,_RNvNtNtNtCs3ykRWvTZlvz_12screen_share8features4room4grid19setup_adaptive_grid
FNDA:0,_RNvNtNtNtCs3ykRWvTZlvz_12screen_share8features4room4grid24setup_auto_hide_controls
FNDA:0,_RNCNvNtNtNtCs3ykRWvTZlvz_12screen_share8features4room4grid17best_column_count0B9_
FNDA:0,_RNCNvNtNtNtCs3ykRWvTZlvz_12screen_share8features4room4grid17best_column_counts_0B9_
FNDA:0,_RNCNvNtNtNtCs3ykRWvTZlvz_12screen_share8features4room4grid24setup_auto_hide_controls0B9_
FNDA:0,_RNCNvNtNtNtCs3ykRWvTZlvz_12screen_share8features4room4grid24setup_auto_hide_controlss_0B9_
FNDA:0,_RNvNtNtNtCs3ykRWvTZlvz_12screen_share8features4room4grid17best_column_count
FNDA:0,_RNCNvNtNtNtCsaahMKozCLCE_12screen_share8features4room4grid24setup_auto_hide_controls0B9_
FNDA:0,_RNCNvNtNtNtCsaahMKozCLCE_12screen_share8features4room4grid24setup_auto_hide_controlss_0B9_
FNDA:0,_RNvNtNtNtCsaahMKozCLCE_12screen_share8features4room4grid19setup_adaptive_grid
FNDA:0,_RNvNtNtNtCsaahMKozCLCE_12screen_share8features4room4grid24setup_auto_hide_controls
FNDA:189,_RNCNvNtNtNtCsaahMKozCLCE_12screen_share8features4room4grid17best_column_count0B9_
FNDA:153,_RNCNvNtNtNtCsaahMKozCLCE_12screen_share8features4room4grid17best_column_counts_0B9_
FNDA:36,_RNvNtNtNtCsaahMKozCLCE_12screen_share8features4room4grid17best_column_count
FNDA:0,_RNCNvNtNtNtCs3ykRWvTZlvz_12screen_share8features4room4grid24setup_auto_hide_controls0CsgyLFsit3Uv_12screen_share
FNDA:0,_RNCNvNtNtNtCs3ykRWvTZlvz_12screen_share8features4room4grid24setup_auto_hide_controlss_0CsgyLFsit3Uv_12screen_share
FNF:7
FNH:3
DA:6,0
DA:7,0
DA:8,0
DA:9,0
DA:10,0
DA:11,0
DA:12,0
DA:127,0
DA:128,0
DA:129,0
DA:130,0
DA:131,0
DA:132,0
DA:133,0
DA:134,0
DA:200,36
DA:208,36
DA:209,189
DA:210,189
DA:211,189
DA:212,189
DA:213,189
DA:214,153
DA:215,36
DA:217,36
DA:218,8
DA:220,28
DA:222,36
BRF:0
BRH:0
LF:31
LH:15
end_of_record
SF:/home/hiroshi/projects/screenshare/fuck_you_janja/apps/web/src/features/room/invite.rs
FN:4,_RNvNtNtNtCs3ykRWvTZlvz_12screen_share8features4room6invite20invite_click_handler
FN:8,_RNCNvNtNtNtCs3ykRWvTZlvz_12screen_share8features4room6invite20invite_click_handler0B9_
FN:8,_RNCNvNtNtNtCsaahMKozCLCE_12screen_share8features4room6invite20invite_click_handler0B9_
FN:4,_RNvNtNtNtCsaahMKozCLCE_12screen_share8features4room6invite20invite_click_handler
FN:8,_RNCNvNtNtNtCs3ykRWvTZlvz_12screen_share8features4room6invite20invite_click_handler0CsgyLFsit3Uv_12screen_share
FNDA:0,_RNvNtNtNtCs3ykRWvTZlvz_12screen_share8features4room6invite20invite_click_handler
FNDA:0,_RNCNvNtNtNtCs3ykRWvTZlvz_12screen_share8features4room6invite20invite_click_handler0B9_
FNDA:0,_RNCNvNtNtNtCsaahMKozCLCE_12screen_share8features4room6invite20invite_click_handler0B9_
FNDA:0,_RNvNtNtNtCsaahMKozCLCE_12screen_share8features4room6invite20invite_click_handler
FNDA:0,_RNCNvNtNtNtCs3ykRWvTZlvz_12screen_share8features4room6invite20invite_click_handler0CsgyLFsit3Uv_12screen_share
FNF:2
FNH:0
DA:4,0
DA:5,0
DA:6,0
DA:7,0
DA:8,0
DA:9,0
BRF:0
BRH:0
LF:6
LH:0
end_of_record
SF:/home/hiroshi/projects/screenshare/fuck_you_janja/apps/web/src/features/room/media_controls.rs
FN:174,_RNvNtNtNtCs3ykRWvTZlvz_12screen_share8features4room14media_controls10set_volume
FN:20,_RNvNtNtNtCs3ykRWvTZlvz_12screen_share8features4room14media_controls17toggle_fullscreen
FN:88,_RNvNtNtNtCs3ykRWvTZlvz_12screen_share8features4room14media_controls19blur_active_element
FN:44,_RNvNtNtNtCs3ykRWvTZlvz_12screen_share8features4room14media_controls25exit_fullscreen_if_active
FN:140,_RNvNtNtNtCs3ykRWvTZlvz_12screen_share8features4room14media_controls25toggle_picture_in_picture
FN:111,_RNvNtNtNtCs3ykRWvTZlvz_12screen_share8features4room14media_controls28event_target_already_focused
FN:210,_RNvNtNtNtCs3ykRWvTZlvz_12screen_share8features4room14media_controls34setup_fullscreen_autohide_controls
FN:193,_RNvNtNtNtCs3ykRWvTZlvz_12screen_share8features4room14media_controls9set_muted
FN:174,_RNvNtNtNtCsaahMKozCLCE_12screen_share8features4room14media_controls10set_volume
FN:20,_RNvNtNtNtCsaahMKozCLCE_12screen_share8features4room14media_controls17toggle_fullscreen
FN:88,_RNvNtNtNtCsaahMKozCLCE_12screen_share8features4room14media_controls19blur_active_element
FN:44,_RNvNtNtNtCsaahMKozCLCE_12screen_share8features4room14media_controls25exit_fullscreen_if_active
FN:140,_RNvNtNtNtCsaahMKozCLCE_12screen_share8features4room14media_controls25toggle_picture_in_picture
FN:111,_RNvNtNtNtCsaahMKozCLCE_12screen_share8features4room14media_controls28event_target_already_focused
FN:210,_RNvNtNtNtCsaahMKozCLCE_12screen_share8features4room14media_controls34setup_fullscreen_autohide_controls
FN:193,_RNvNtNtNtCsaahMKozCLCE_12screen_share8features4room14media_controls9set_muted
FNDA:0,_RNvNtNtNtCs3ykRWvTZlvz_12screen_share8features4room14media_controls10set_volume
FNDA:0,_RNvNtNtNtCs3ykRWvTZlvz_12screen_share8features4room14media_controls17toggle_fullscreen
FNDA:0,_RNvNtNtNtCs3ykRWvTZlvz_12screen_share8features4room14media_controls19blur_active_element
FNDA:0,_RNvNtNtNtCs3ykRWvTZlvz_12screen_share8features4room14media_controls25exit_fullscreen_if_active
FNDA:0,_RNvNtNtNtCs3ykRWvTZlvz_12screen_share8features4room14media_controls25toggle_picture_in_picture
FNDA:0,_RNvNtNtNtCs3ykRWvTZlvz_12screen_share8features4room14media_controls28event_target_already_focused
FNDA:0,_RNvNtNtNtCs3ykRWvTZlvz_12screen_share8features4room14media_controls34setup_fullscreen_autohide_controls
FNDA:0,_RNvNtNtNtCs3ykRWvTZlvz_12screen_share8features4room14media_controls9set_muted
FNDA:0,_RNvNtNtNtCsaahMKozCLCE_12screen_share8features4room14media_controls10set_volume
FNDA:0,_RNvNtNtNtCsaahMKozCLCE_12screen_share8features4room14media_controls17toggle_fullscreen
FNDA:0,_RNvNtNtNtCsaahMKozCLCE_12screen_share8features4room14media_controls19blur_active_element
FNDA:0,_RNvNtNtNtCsaahMKozCLCE_12screen_share8features4room14media_controls25exit_fullscreen_if_active
FNDA:0,_RNvNtNtNtCsaahMKozCLCE_12screen_share8features4room14media_controls25toggle_picture_in_picture
FNDA:0,_RNvNtNtNtCsaahMKozCLCE_12screen_share8features4room14media_controls28event_target_already_focused
FNDA:0,_RNvNtNtNtCsaahMKozCLCE_12screen_share8features4room14media_controls34setup_fullscreen_autohide_controls
FNDA:0,_RNvNtNtNtCsaahMKozCLCE_12screen_share8features4room14media_controls9set_muted
FNF:8
FNH:0
DA:20,0
DA:44,0
DA:45,0
DA:46,0
DA:88,0
DA:111,0
DA:112,0
DA:113,0
DA:140,0
DA:174,0
DA:193,0
DA:210,0
BRF:0
BRH:0
LF:12
LH:0
end_of_record
SF:/home/hiroshi/projects/screenshare/fuck_you_janja/apps/web/src/features/room/member_card.rs
FN:87,_RNvNtNtNtCs3ykRWvTZlvz_12screen_share8features4room11member_card12member_cards
FN:65,_RNvNtNtNtCs3ykRWvTZlvz_12screen_share8features4room11member_card13quality_label
FN:54,_RNvNtNtNtCs3ykRWvTZlvz_12screen_share8features4room11member_card14ping_color_var
FN:413,_RNCNCNCNvNtNtNtCs3ykRWvTZlvz_12screen_share8features4room11member_card12member_cards0sJ_00Bd_
FN:418,_RNCNCNCNvNtNtNtCs3ykRWvTZlvz_12screen_share8features4room11member_card12member_cards0sJ_0s_0Bd_
FN:110,_RNCNCNCNvNtNtNtCs3ykRWvTZlvz_12screen_share8features4room11member_card12member_cards0s_00Bd_
FN:162,_RNCNCNCNvNtNtNtCs3ykRWvTZlvz_12screen_share8features4room11member_card12member_cards0sd_00Bd_
FN:108,_RNCNCNvNtNtNtCs3ykRWvTZlvz_12screen_share8features4room11member_card12member_cards00Bb_
FN:371,_RNCNCNvNtNtNtCs3ykRWvTZlvz_12screen_share8features4room11member_card12member_cards0sE_0Bb_
FN:409,_RNCNCNvNtNtNtCs3ykRWvTZlvz_12screen_share8features4room11member_card12member_cards0sJ_0Bb_
FN:109,_RNCNCNvNtNtNtCs3ykRWvTZlvz_12screen_share8features4room11member_card12member_cards0s_0Bb_
FN:150,_RNCNCNvNtNtNtCs3ykRWvTZlvz_12screen_share8features4room11member_card12member_cards0sa_0Bb_
FN:161,_RNCNCNvNtNtNtCs3ykRWvTZlvz_12screen_share8features4room11member_card12member_cards0sd_0Bb_
FN:107,_RNCNvNtNtNtCs3ykRWvTZlvz_12screen_share8features4room11member_card12member_cards0B9_
FN:142,_RNCNCNCNCNvNtNtNtCs3ykRWvTZlvz_12screen_share8features4room11member_card12member_cards0s9_000Bf_
FN:143,_RNCNCNCNCNvNtNtNtCs3ykRWvTZlvz_12screen_share8features4room11member_card12member_cards0s9_00s0_0Bf_
FN:143,_RNCNCNCNCNvNtNtNtCs3ykRWvTZlvz_12screen_share8features4room11member_card12member_cards0s9_00s_0Bf_
FN:113,_RNCNCNCNvNtNtNtCs3ykRWvTZlvz_12screen_share8features4room11member_card12member_cards0s0_00Bd_
FN:124,_RNCNCNCNvNtNtNtCs3ykRWvTZlvz_12screen_share8features4room11member_card12member_cards0s3_00Bd_
FN:129,_RNCNCNCNvNtNtNtCs3ykRWvTZlvz_12screen_share8features4room11member_card12member_cards0s6_00Bd_
FN:131,_RNCNCNCNvNtNtNtCs3ykRWvTZlvz_12screen_share8features4room11member_card12member_cards0s7_00Bd_
FN:133,_RNCNCNCNvNtNtNtCs3ykRWvTZlvz_12screen_share8features4room11member_card12member_cards0s8_00Bd_
FN:139,_RNCNCNCNvNtNtNtCs3ykRWvTZlvz_12screen_share8features4room11member_card12member_cards0s9_00Bd_
FN:377,_RNCNCNCNvNtNtNtCs3ykRWvTZlvz_12screen_share8features4room11member_card12member_cards0sE_00Bd_
FN:378,_RNCNCNCNvNtNtNtCs3ykRWvTZlvz_12screen_share8features4room11member_card12member_cards0sE_0s_0Bd_
FN:235,_RNCNCNCNvNtNtNtCs3ykRWvTZlvz_12screen_share8features4room11member_card12member_cards0sT_00Bd_
FN:166,_RNCNCNCNvNtNtNtCs3ykRWvTZlvz_12screen_share8features4room11member_card12member_cards0se_00Bd_
FN:172,_RNCNCNCNvNtNtNtCs3ykRWvTZlvz_12screen_share8features4room11member_card12member_cards0sf_00Bd_
FN:184,_RNCNCNCNvNtNtNtCs3ykRWvTZlvz_12screen_share8features4room11member_card12member_cards0sg_00Bd_
FN:223,_RNCNCNCNvNtNtNtCs3ykRWvTZlvz_12screen_share8features4room11member_card12member_cards0sh_00Bd_
FN:261,_RNCNCNCNvNtNtNtCs3ykRWvTZlvz_12screen_share8features4room11member_card12member_cards0sj_00Bd_
FN:276,_RNCNCNCNvNtNtNtCs3ykRWvTZlvz_12screen_share8features4room11member_card12member_cards0sn_00Bd_
FN:282,_RNCNCNCNvNtNtNtCs3ykRWvTZlvz_12screen_share8features4room11member_card12member_cards0sq_00Bd_
FN:286,_RNCNCNCNvNtNtNtCs3ykRWvTZlvz_12screen_share8features4room11member_card12member_cards0sr_00Bd_
FN:293,_RNCNCNCNvNtNtNtCs3ykRWvTZlvz_12screen_share8features4room11member_card12member_cards0st_00Bd_
FN:301,_RNCNCNCNvNtNtNtCs3ykRWvTZlvz_12screen_share8features4room11member_card12member_cards0sv_00Bd_
FN:112,_RNCNCNvNtNtNtCs3ykRWvTZlvz_12screen_share8features4room11member_card12member_cards0s0_0Bb_
FN:115,_RNCNCNvNtNtNtCs3ykRWvTZlvz_12screen_share8features4room11member_card12member_cards0s1_0Bb_
FN:120,_RNCNCNvNtNtNtCs3ykRWvTZlvz_12screen_share8features4room11member_card12member_cards0s2_0Bb_
FN:123,_RNCNCNvNtNtNtCs3ykRWvTZlvz_12screen_share8features4room11member_card12member_cards0s3_0Bb_
FN:126,_RNCNCNvNtNtNtCs3ykRWvTZlvz_12screen_share8features4room11member_card12member_cards0s4_0Bb_
FN:127,_RNCNCNvNtNtNtCs3ykRWvTZlvz_12screen_share8features4room11member_card12member_cards0s5_0Bb_
FN:128,_RNCNCNvNtNtNtCs3ykRWvTZlvz_12screen_share8features4room11member_card12member_cards0s6_0Bb_
FN:131,_RNCNCNvNtNtNtCs3ykRWvTZlvz_12screen_share8features4room11member_card12member_cards0s7_0Bb_
FN:132,_RNCNCNvNtNtNtCs3ykRWvTZlvz_12screen_share8features4room11member_card12member_cards0s8_0Bb_
FN:135,_RNCNCNvNtNtNtCs3ykRWvTZlvz_12screen_share8features4room11member_card12member_cards0s9_0Bb_
FN:324,_RNCNCNvNtNtNtCs3ykRWvTZlvz_12screen_share8features4room11member_card12member_cards0sA_0Bb_
FN:364,_RNCNCNvNtNtNtCs3ykRWvTZlvz_12screen_share8features4room11member_card12member_cards0sB_0Bb_
FN:347,_RNCNCNvNtNtNtCs3ykRWvTZlvz_12screen_share8features4room11member_card12member_cards0sC_0Bb_
FN:350,_RNCNCNvNtNtNtCs3ykRWvTZlvz_12screen_share8features4room11member_card12member_cards0sD_0Bb_
FN:339,_RNCNCNvNtNtNtCs3ykRWvTZlvz_12screen_share8features4room11member_card12member_cards0sF_0Bb_
FN:340,_RNCNCNvNtNtNtCs3ykRWvTZlvz_12screen_share8features4room11member_card12member_cards0sG_0Bb_
FN:405,_RNCNCNvNtNtNtCs3ykRWvTZlvz_12screen_share8features4room11member_card12member_cards0sH_0Bb_
FN:402,_RNCNCNvNtNtNtCs3ykRWvTZlvz_12screen_share8features4room11member_card12member_cards0sI_0Bb_
FN:427,_RNCNCNvNtNtNtCs3ykRWvTZlvz_12screen_share8features4room11member_card12member_cards0sK_0Bb_
FN:436,_RNCNCNvNtNtNtCs3ykRWvTZlvz_12screen_share8features4room11member_card12member_cards0sL_0Bb_
FN:432,_RNCNCNvNtNtNtCs3ykRWvTZlvz_12screen_share8features4room11member_card12member_cards0sM_0Bb_
FN:433,_RNCNCNvNtNtNtCs3ykRWvTZlvz_12screen_share8features4room11member_card12member_cards0sN_0Bb_
FN:393,_RNCNCNvNtNtNtCs3ykRWvTZlvz_12screen_share8features4room11member_card12member_cards0sO_0Bb_
FN:394,_RNCNCNvNtNtNtCs3ykRWvTZlvz_12screen_share8features4room11member_card12member_cards0sP_0Bb_
FN:441,_RNCNCNvNtNtNtCs3ykRWvTZlvz_12screen_share8features4room11member_card12member_cards0sQ_0Bb_
FN:444,_RNCNCNvNtNtNtCs3ykRWvTZlvz_12screen_share8features4room11member_card12member_cards0sR_0Bb_
FN:248,_RNCNCNvNtNtNtCs3ykRWvTZlvz_12screen_share8features4room11member_card12member_cards0sS_0Bb_
FN:235,_RNCNCNvNtNtNtCs3ykRWvTZlvz_12screen_share8features4room11member_card12member_cards0sT_0Bb_
FN:237,_RNCNCNvNtNtNtCs3ykRWvTZlvz_12screen_share8features4room11member_card12member_cards0sU_0Bb_
FN:244,_RNCNCNvNtNtNtCs3ykRWvTZlvz_12screen_share8features4room11member_card12member_cards0sV_0Bb_
FN:151,_RNCNCNvNtNtNtCs3ykRWvTZlvz_12screen_share8features4room11member_card12member_cards0sb_0Bb_
FN:156,_RNCNCNvNtNtNtCs3ykRWvTZlvz_12screen_share8features4room11member_card12member_cards0sc_0Bb_
FN:164,_RNCNCNvNtNtNtCs3ykRWvTZlvz_12screen_share8features4room11member_card12member_cards0se_0Bb_
FN:170,_RNCNCNvNtNtNtCs3ykRWvTZlvz_12screen_share8features4room11member_card12member_cards0sf_0Bb_
FN:180,_RNCNCNvNtNtNtCs3ykRWvTZlvz_12screen_share8features4room11member_card12member_cards0sg_0Bb_
FN:194,_RNCNCNvNtNtNtCs3ykRWvTZlvz_12screen_share8features4room11member_card12member_cards0sh_0Bb_
FN:256,_RNCNCNvNtNtNtCs3ykRWvTZlvz_12screen_share8features4room11member_card12member_cards0si_0Bb_
FN:258,_RNCNCNvNtNtNtCs3ykRWvTZlvz_12screen_share8features4room11member_card12member_cards0sj_0Bb_
FN:257,_RNCNCNvNtNtNtCs3ykRWvTZlvz_12screen_share8features4room11member_card12member_cards0sk_0Bb_
FN:253,_RNCNCNvNtNtNtCs3ykRWvTZlvz_12screen_share8features4room11member_card12member_cards0sl_0Bb_
FN:274,_RNCNCNvNtNtNtCs3ykRWvTZlvz_12screen_share8features4room11member_card12member_cards0sm_0Bb_
FN:276,_RNCNCNvNtNtNtCs3ykRWvTZlvz_12screen_share8features4room11member_card12member_cards0sn_0Bb_
FN:269,_RNCNCNvNtNtNtCs3ykRWvTZlvz_12screen_share8features4room11member_card12member_cards0so_0Bb_
FN:278,_RNCNCNvNtNtNtCs3ykRWvTZlvz_12screen_share8features4room11member_card12member_cards0sp_0Bb_
FN:282,_RNCNCNvNtNtNtCs3ykRWvTZlvz_12screen_share8features4room11member_card12member_cards0sq_0Bb_
FN:286,_RNCNCNvNtNtNtCs3ykRWvTZlvz_12screen_share8features4room11member_card12member_cards0sr_0Bb_
FN:287,_RNCNCNvNtNtNtCs3ykRWvTZlvz_12screen_share8features4room11member_card12member_cards0ss_0Bb_
FN:293,_RNCNCNvNtNtNtCs3ykRWvTZlvz_12screen_share8features4room11member_card12member_cards0st_0Bb_
FN:294,_RNCNCNvNtNtNtCs3ykRWvTZlvz_12screen_share8features4room11member_card12member_cards0su_0Bb_
FN:300,_RNCNCNvNtNtNtCs3ykRWvTZlvz_12screen_share8features4room11member_card12member_cards0sv_0Bb_
FN:306,_RNCNCNvNtNtNtCs3ykRWvTZlvz_12screen_share8features4room11member_card12member_cards0sw_0Bb_
FN:307,_RNCNCNvNtNtNtCs3ykRWvTZlvz_12screen_share8features4room11member_card12member_cards0sx_0Bb_
FN:311,_RNCNCNvNtNtNtCs3ykRWvTZlvz_12screen_share8features4room11member_card12member_cards0sy_0Bb_
FN:315,_RNCNCNvNtNtNtCs3ykRWvTZlvz_12screen_share8features4room11member_card12member_cards0sz_0Bb_
FN:142,_RNCNCNCNCNvNtNtNtCsaahMKozCLCE_12screen_share8features4room11member_card12member_cards0s9_000Bf_
FN:143,_RNCNCNCNCNvNtNtNtCsaahMKozCLCE_12screen_share8features4room11member_card12member_cards0s9_00s0_0Bf_
FN:143,_RNCNCNCNCNvNtNtNtCsaahMKozCLCE_12screen_share8features4room11member_card12member_cards0s9_00s_0Bf_
FN:113,_RNCNCNCNvNtNtNtCsaahMKozCLCE_12screen_share8features4room11member_card12member_cards0s0_00Bd_
FN:124,_RNCNCNCNvNtNtNtCsaahMKozCLCE_12screen_share8features4room11member_card12member_cards0s3_00Bd_
FN:129,_RNCNCNCNvNtNtNtCsaahMKozCLCE_12screen_share8features4room11member_card12member_cards0s6_00Bd_
FN:131,_RNCNCNCNvNtNtNtCsaahMKozCLCE_12screen_share8features4room11member_card12member_cards0s7_00Bd_
FN:133,_RNCNCNCNvNtNtNtCsaahMKozCLCE_12screen_share8features4room11member_card12member_cards0s8_00Bd_
FN:139,_RNCNCNCNvNtNtNtCsaahMKozCLCE_12screen_share8features4room11member_card12member_cards0s9_00Bd_
FN:377,_RNCNCNCNvNtNtNtCsaahMKozCLCE_12screen_share8features4room11member_card12member_cards0sE_00Bd_
FN:378,_RNCNCNCNvNtNtNtCsaahMKozCLCE_12screen_share8features4room11member_card12member_cards0sE_0s_0Bd_
FN:413,_RNCNCNCNvNtNtNtCsaahMKozCLCE_12screen_share8features4room11member_card12member_cards0sJ_00Bd_
FN:418,_RNCNCNCNvNtNtNtCsaahMKozCLCE_12screen_share8features4room11member_card12member_cards0sJ_0s_0Bd_
FN:235,_RNCNCNCNvNtNtNtCsaahMKozCLCE_12screen_share8features4room11member_card12member_cards0sT_00Bd_
FN:110,_RNCNCNCNvNtNtNtCsaahMKozCLCE_12screen_share8features4room11member_card12member_cards0s_00Bd_
FN:162,_RNCNCNCNvNtNtNtCsaahMKozCLCE_12screen_share8features4room11member_card12member_cards0sd_00Bd_
FN:166,_RNCNCNCNvNtNtNtCsaahMKozCLCE_12screen_share8features4room11member_card12member_cards0se_00Bd_
FN:172,_RNCNCNCNvNtNtNtCsaahMKozCLCE_12screen_share8features4room11member_card12member_cards0sf_00Bd_
FN:184,_RNCNCNCNvNtNtNtCsaahMKozCLCE_12screen_share8features4room11member_card12member_cards0sg_00Bd_
FN:223,_RNCNCNCNvNtNtNtCsaahMKozCLCE_12screen_share8features4room11member_card12member_cards0sh_00Bd_
FN:261,_RNCNCNCNvNtNtNtCsaahMKozCLCE_12screen_share8features4room11member_card12member_cards0sj_00Bd_
FN:276,_RNCNCNCNvNtNtNtCsaahMKozCLCE_12screen_share8features4room11member_card12member_cards0sn_00Bd_
FN:282,_RNCNCNCNvNtNtNtCsaahMKozCLCE_12screen_share8features4room11member_card12member_cards0sq_00Bd_
FN:286,_RNCNCNCNvNtNtNtCsaahMKozCLCE_12screen_share8features4room11member_card12member_cards0sr_00Bd_
FN:293,_RNCNCNCNvNtNtNtCsaahMKozCLCE_12screen_share8features4room11member_card12member_cards0st_00Bd_
FN:301,_RNCNCNCNvNtNtNtCsaahMKozCLCE_12screen_share8features4room11member_card12member_cards0sv_00Bd_
FN:108,_RNCNCNvNtNtNtCsaahMKozCLCE_12screen_share8features4room11member_card12member_cards00Bb_
FN:112,_RNCNCNvNtNtNtCsaahMKozCLCE_12screen_share8features4room11member_card12member_cards0s0_0Bb_
FN:115,_RNCNCNvNtNtNtCsaahMKozCLCE_12screen_share8features4room11member_card12member_cards0s1_0Bb_
FN:120,_RNCNCNvNtNtNtCsaahMKozCLCE_12screen_share8features4room11member_card12member_cards0s2_0Bb_
FN:123,_RNCNCNvNtNtNtCsaahMKozCLCE_12screen_share8features4room11member_card12member_cards0s3_0Bb_
FN:126,_RNCNCNvNtNtNtCsaahMKozCLCE_12screen_share8features4room11member_card12member_cards0s4_0Bb_
FN:127,_RNCNCNvNtNtNtCsaahMKozCLCE_12screen_share8features4room11member_card12member_cards0s5_0Bb_
FN:128,_RNCNCNvNtNtNtCsaahMKozCLCE_12screen_share8features4room11member_card12member_cards0s6_0Bb_
FN:131,_RNCNCNvNtNtNtCsaahMKozCLCE_12screen_share8features4room11member_card12member_cards0s7_0Bb_
FN:132,_RNCNCNvNtNtNtCsaahMKozCLCE_12screen_share8features4room11member_card12member_cards0s8_0Bb_
FN:135,_RNCNCNvNtNtNtCsaahMKozCLCE_12screen_share8features4room11member_card12member_cards0s9_0Bb_
FN:324,_RNCNCNvNtNtNtCsaahMKozCLCE_12screen_share8features4room11member_card12member_cards0sA_0Bb_
FN:364,_RNCNCNvNtNtNtCsaahMKozCLCE_12screen_share8features4room11member_card12member_cards0sB_0Bb_
FN:347,_RNCNCNvNtNtNtCsaahMKozCLCE_12screen_share8features4room11member_card12member_cards0sC_0Bb_
FN:350,_RNCNCNvNtNtNtCsaahMKozCLCE_12screen_share8features4room11member_card12member_cards0sD_0Bb_
FN:371,_RNCNCNvNtNtNtCsaahMKozCLCE_12screen_share8features4room11member_card12member_cards0sE_0Bb_
FN:339,_RNCNCNvNtNtNtCsaahMKozCLCE_12screen_share8features4room11member_card12member_cards0sF_0Bb_
FN:340,_RNCNCNvNtNtNtCsaahMKozCLCE_12screen_share8features4room11member_card12member_cards0sG_0Bb_
FN:405,_RNCNCNvNtNtNtCsaahMKozCLCE_12screen_share8features4room11member_card12member_cards0sH_0Bb_
FN:402,_RNCNCNvNtNtNtCsaahMKozCLCE_12screen_share8features4room11member_card12member_cards0sI_0Bb_
FN:409,_RNCNCNvNtNtNtCsaahMKozCLCE_12screen_share8features4room11member_card12member_cards0sJ_0Bb_
FN:427,_RNCNCNvNtNtNtCsaahMKozCLCE_12screen_share8features4room11member_card12member_cards0sK_0Bb_
FN:436,_RNCNCNvNtNtNtCsaahMKozCLCE_12screen_share8features4room11member_card12member_cards0sL_0Bb_
FN:432,_RNCNCNvNtNtNtCsaahMKozCLCE_12screen_share8features4room11member_card12member_cards0sM_0Bb_
FN:433,_RNCNCNvNtNtNtCsaahMKozCLCE_12screen_share8features4room11member_card12member_cards0sN_0Bb_
FN:393,_RNCNCNvNtNtNtCsaahMKozCLCE_12screen_share8features4room11member_card12member_cards0sO_0Bb_
FN:394,_RNCNCNvNtNtNtCsaahMKozCLCE_12screen_share8features4room11member_card12member_cards0sP_0Bb_
FN:441,_RNCNCNvNtNtNtCsaahMKozCLCE_12screen_share8features4room11member_card12member_cards0sQ_0Bb_
FN:444,_RNCNCNvNtNtNtCsaahMKozCLCE_12screen_share8features4room11member_card12member_cards0sR_0Bb_
FN:248,_RNCNCNvNtNtNtCsaahMKozCLCE_12screen_share8features4room11member_card12member_cards0sS_0Bb_
FN:235,_RNCNCNvNtNtNtCsaahMKozCLCE_12screen_share8features4room11member_card12member_cards0sT_0Bb_
FN:237,_RNCNCNvNtNtNtCsaahMKozCLCE_12screen_share8features4room11member_card12member_cards0sU_0Bb_
FN:244,_RNCNCNvNtNtNtCsaahMKozCLCE_12screen_share8features4room11member_card12member_cards0sV_0Bb_
FN:109,_RNCNCNvNtNtNtCsaahMKozCLCE_12screen_share8features4room11member_card12member_cards0s_0Bb_
FN:150,_RNCNCNvNtNtNtCsaahMKozCLCE_12screen_share8features4room11member_card12member_cards0sa_0Bb_
FN:151,_RNCNCNvNtNtNtCsaahMKozCLCE_12screen_share8features4room11member_card12member_cards0sb_0Bb_
FN:156,_RNCNCNvNtNtNtCsaahMKozCLCE_12screen_share8features4room11member_card12member_cards0sc_0Bb_
FN:161,_RNCNCNvNtNtNtCsaahMKozCLCE_12screen_share8features4room11member_card12member_cards0sd_0Bb_
FN:164,_RNCNCNvNtNtNtCsaahMKozCLCE_12screen_share8features4room11member_card12member_cards0se_0Bb_
FN:170,_RNCNCNvNtNtNtCsaahMKozCLCE_12screen_share8features4room11member_card12member_cards0sf_0Bb_
FN:180,_RNCNCNvNtNtNtCsaahMKozCLCE_12screen_share8features4room11member_card12member_cards0sg_0Bb_
FN:194,_RNCNCNvNtNtNtCsaahMKozCLCE_12screen_share8features4room11member_card12member_cards0sh_0Bb_
FN:256,_RNCNCNvNtNtNtCsaahMKozCLCE_12screen_share8features4room11member_card12member_cards0si_0Bb_
FN:258,_RNCNCNvNtNtNtCsaahMKozCLCE_12screen_share8features4room11member_card12member_cards0sj_0Bb_
FN:257,_RNCNCNvNtNtNtCsaahMKozCLCE_12screen_share8features4room11member_card12member_cards0sk_0Bb_
FN:253,_RNCNCNvNtNtNtCsaahMKozCLCE_12screen_share8features4room11member_card12member_cards0sl_0Bb_
FN:274,_RNCNCNvNtNtNtCsaahMKozCLCE_12screen_share8features4room11member_card12member_cards0sm_0Bb_
FN:276,_RNCNCNvNtNtNtCsaahMKozCLCE_12screen_share8features4room11member_card12member_cards0sn_0Bb_
FN:269,_RNCNCNvNtNtNtCsaahMKozCLCE_12screen_share8features4room11member_card12member_cards0so_0Bb_
FN:278,_RNCNCNvNtNtNtCsaahMKozCLCE_12screen_share8features4room11member_card12member_cards0sp_0Bb_
FN:282,_RNCNCNvNtNtNtCsaahMKozCLCE_12screen_share8features4room11member_card12member_cards0sq_0Bb_
FN:286,_RNCNCNvNtNtNtCsaahMKozCLCE_12screen_share8features4room11member_card12member_cards0sr_0Bb_
FN:287,_RNCNCNvNtNtNtCsaahMKozCLCE_12screen_share8features4room11member_card12member_cards0ss_0Bb_
FN:293,_RNCNCNvNtNtNtCsaahMKozCLCE_12screen_share8features4room11member_card12member_cards0st_0Bb_
FN:294,_RNCNCNvNtNtNtCsaahMKozCLCE_12screen_share8features4room11member_card12member_cards0su_0Bb_
FN:300,_RNCNCNvNtNtNtCsaahMKozCLCE_12screen_share8features4room11member_card12member_cards0sv_0Bb_
FN:306,_RNCNCNvNtNtNtCsaahMKozCLCE_12screen_share8features4room11member_card12member_cards0sw_0Bb_
FN:307,_RNCNCNvNtNtNtCsaahMKozCLCE_12screen_share8features4room11member_card12member_cards0sx_0Bb_
FN:311,_RNCNCNvNtNtNtCsaahMKozCLCE_12screen_share8features4room11member_card12member_cards0sy_0Bb_
FN:315,_RNCNCNvNtNtNtCsaahMKozCLCE_12screen_share8features4room11member_card12member_cards0sz_0Bb_
FN:107,_RNCNvNtNtNtCsaahMKozCLCE_12screen_share8features4room11member_card12member_cards0B9_
FN:87,_RNvNtNtNtCsaahMKozCLCE_12screen_share8features4room11member_card12member_cards
FN:65,_RNvNtNtNtCsaahMKozCLCE_12screen_share8features4room11member_card13quality_label
FN:54,_RNvNtNtNtCsaahMKozCLCE_12screen_share8features4room11member_card14ping_color_var
FN:142,_RNCNCNCNCNvNtNtNtCs3ykRWvTZlvz_12screen_share8features4room11member_card12member_cards0s9_000CsgyLFsit3Uv_12screen_share
FN:143,_RNCNCNCNCNvNtNtNtCs3ykRWvTZlvz_12screen_share8features4room11member_card12member_cards0s9_00s0_0CsgyLFsit3Uv_12screen_share
FN:143,_RNCNCNCNCNvNtNtNtCs3ykRWvTZlvz_12screen_share8features4room11member_card12member_cards0s9_00s_0CsgyLFsit3Uv_12screen_share
FN:113,_RNCNCNCNvNtNtNtCs3ykRWvTZlvz_12screen_share8features4room11member_card12member_cards0s0_00CsgyLFsit3Uv_12screen_share
FN:124,_RNCNCNCNvNtNtNtCs3ykRWvTZlvz_12screen_share8features4room11member_card12member_cards0s3_00CsgyLFsit3Uv_12screen_share
FN:129,_RNCNCNCNvNtNtNtCs3ykRWvTZlvz_12screen_share8features4room11member_card12member_cards0s6_00CsgyLFsit3Uv_12screen_share
FN:131,_RNCNCNCNvNtNtNtCs3ykRWvTZlvz_12screen_share8features4room11member_card12member_cards0s7_00CsgyLFsit3Uv_12screen_share
FN:133,_RNCNCNCNvNtNtNtCs3ykRWvTZlvz_12screen_share8features4room11member_card12member_cards0s8_00CsgyLFsit3Uv_12screen_share
FN:139,_RNCNCNCNvNtNtNtCs3ykRWvTZlvz_12screen_share8features4room11member_card12member_cards0s9_00CsgyLFsit3Uv_12screen_share
FN:377,_RNCNCNCNvNtNtNtCs3ykRWvTZlvz_12screen_share8features4room11member_card12member_cards0sE_00CsgyLFsit3Uv_12screen_share
FN:378,_RNCNCNCNvNtNtNtCs3ykRWvTZlvz_12screen_share8features4room11member_card12member_cards0sE_0s_0CsgyLFsit3Uv_12screen_share
FN:235,_RNCNCNCNvNtNtNtCs3ykRWvTZlvz_12screen_share8features4room11member_card12member_cards0sT_00CsgyLFsit3Uv_12screen_share
FN:166,_RNCNCNCNvNtNtNtCs3ykRWvTZlvz_12screen_share8features4room11member_card12member_cards0se_00CsgyLFsit3Uv_12screen_share
FN:172,_RNCNCNCNvNtNtNtCs3ykRWvTZlvz_12screen_share8features4room11member_card12member_cards0sf_00CsgyLFsit3Uv_12screen_share
FN:184,_RNCNCNCNvNtNtNtCs3ykRWvTZlvz_12screen_share8features4room11member_card12member_cards0sg_00CsgyLFsit3Uv_12screen_share
FN:223,_RNCNCNCNvNtNtNtCs3ykRWvTZlvz_12screen_share8features4room11member_card12member_cards0sh_00CsgyLFsit3Uv_12screen_share
FN:261,_RNCNCNCNvNtNtNtCs3ykRWvTZlvz_12screen_share8features4room11member_card12member_cards0sj_00CsgyLFsit3Uv_12screen_share
FN:276,_RNCNCNCNvNtNtNtCs3ykRWvTZlvz_12screen_share8features4room11member_card12member_cards0sn_00CsgyLFsit3Uv_12screen_share
FN:282,_RNCNCNCNvNtNtNtCs3ykRWvTZlvz_12screen_share8features4room11member_card12member_cards0sq_00CsgyLFsit3Uv_12screen_share
FN:286,_RNCNCNCNvNtNtNtCs3ykRWvTZlvz_12screen_share8features4room11member_card12member_cards0sr_00CsgyLFsit3Uv_12screen_share
FN:293,_RNCNCNCNvNtNtNtCs3ykRWvTZlvz_12screen_share8features4room11member_card12member_cards0st_00CsgyLFsit3Uv_12screen_share
FN:301,_RNCNCNCNvNtNtNtCs3ykRWvTZlvz_12screen_share8features4room11member_card12member_cards0sv_00CsgyLFsit3Uv_12screen_share
FN:112,_RNCNCNvNtNtNtCs3ykRWvTZlvz_12screen_share8features4room11member_card12member_cards0s0_0CsgyLFsit3Uv_12screen_share
FN:115,_RNCNCNvNtNtNtCs3ykRWvTZlvz_12screen_share8features4room11member_card12member_cards0s1_0CsgyLFsit3Uv_12screen_share
FN:120,_RNCNCNvNtNtNtCs3ykRWvTZlvz_12screen_share8features4room11member_card12member_cards0s2_0CsgyLFsit3Uv_12screen_share
FN:123,_RNCNCNvNtNtNtCs3ykRWvTZlvz_12screen_share8features4room11member_card12member_cards0s3_0CsgyLFsit3Uv_12screen_share
FN:126,_RNCNCNvNtNtNtCs3ykRWvTZlvz_12screen_share8features4room11member_card12member_cards0s4_0CsgyLFsit3Uv_12screen_share
FN:127,_RNCNCNvNtNtNtCs3ykRWvTZlvz_12screen_share8features4room11member_card12member_cards0s5_0CsgyLFsit3Uv_12screen_share
FN:128,_RNCNCNvNtNtNtCs3ykRWvTZlvz_12screen_share8features4room11member_card12member_cards0s6_0CsgyLFsit3Uv_12screen_share
FN:131,_RNCNCNvNtNtNtCs3ykRWvTZlvz_12screen_share8features4room11member_card12member_cards0s7_0CsgyLFsit3Uv_12screen_share
FN:132,_RNCNCNvNtNtNtCs3ykRWvTZlvz_12screen_share8features4room11member_card12member_cards0s8_0CsgyLFsit3Uv_12screen_share
FN:135,_RNCNCNvNtNtNtCs3ykRWvTZlvz_12screen_share8features4room11member_card12member_cards0s9_0CsgyLFsit3Uv_12screen_share
FN:324,_RNCNCNvNtNtNtCs3ykRWvTZlvz_12screen_share8features4room11member_card12member_cards0sA_0CsgyLFsit3Uv_12screen_share
FN:364,_RNCNCNvNtNtNtCs3ykRWvTZlvz_12screen_share8features4room11member_card12member_cards0sB_0CsgyLFsit3Uv_12screen_share
FN:347,_RNCNCNvNtNtNtCs3ykRWvTZlvz_12screen_share8features4room11member_card12member_cards0sC_0CsgyLFsit3Uv_12screen_share
FN:350,_RNCNCNvNtNtNtCs3ykRWvTZlvz_12screen_share8features4room11member_card12member_cards0sD_0CsgyLFsit3Uv_12screen_share
FN:339,_RNCNCNvNtNtNtCs3ykRWvTZlvz_12screen_share8features4room11member_card12member_cards0sF_0CsgyLFsit3Uv_12screen_share
FN:340,_RNCNCNvNtNtNtCs3ykRWvTZlvz_12screen_share8features4room11member_card12member_cards0sG_0CsgyLFsit3Uv_12screen_share
FN:405,_RNCNCNvNtNtNtCs3ykRWvTZlvz_12screen_share8features4room11member_card12member_cards0sH_0CsgyLFsit3Uv_12screen_share
FN:402,_RNCNCNvNtNtNtCs3ykRWvTZlvz_12screen_share8features4room11member_card12member_cards0sI_0CsgyLFsit3Uv_12screen_share
FN:427,_RNCNCNvNtNtNtCs3ykRWvTZlvz_12screen_share8features4room11member_card12member_cards0sK_0CsgyLFsit3Uv_12screen_share
FN:436,_RNCNCNvNtNtNtCs3ykRWvTZlvz_12screen_share8features4room11member_card12member_cards0sL_0CsgyLFsit3Uv_12screen_share
FN:432,_RNCNCNvNtNtNtCs3ykRWvTZlvz_12screen_share8features4room11member_card12member_cards0sM_0CsgyLFsit3Uv_12screen_share
FN:433,_RNCNCNvNtNtNtCs3ykRWvTZlvz_12screen_share8features4room11member_card12member_cards0sN_0CsgyLFsit3Uv_12screen_share
FN:393,_RNCNCNvNtNtNtCs3ykRWvTZlvz_12screen_share8features4room11member_card12member_cards0sO_0CsgyLFsit3Uv_12screen_share
FN:394,_RNCNCNvNtNtNtCs3ykRWvTZlvz_12screen_share8features4room11member_card12member_cards0sP_0CsgyLFsit3Uv_12screen_share
FN:441,_RNCNCNvNtNtNtCs3ykRWvTZlvz_12screen_share8features4room11member_card12member_cards0sQ_0CsgyLFsit3Uv_12screen_share
FN:444,_RNCNCNvNtNtNtCs3ykRWvTZlvz_12screen_share8features4room11member_card12member_cards0sR_0CsgyLFsit3Uv_12screen_share
FN:248,_RNCNCNvNtNtNtCs3ykRWvTZlvz_12screen_share8features4room11member_card12member_cards0sS_0CsgyLFsit3Uv_12screen_share
FN:235,_RNCNCNvNtNtNtCs3ykRWvTZlvz_12screen_share8features4room11member_card12member_cards0sT_0CsgyLFsit3Uv_12screen_share
FN:237,_RNCNCNvNtNtNtCs3ykRWvTZlvz_12screen_share8features4room11member_card12member_cards0sU_0CsgyLFsit3Uv_12screen_share
FN:244,_RNCNCNvNtNtNtCs3ykRWvTZlvz_12screen_share8features4room11member_card12member_cards0sV_0CsgyLFsit3Uv_12screen_share
FN:151,_RNCNCNvNtNtNtCs3ykRWvTZlvz_12screen_share8features4room11member_card12member_cards0sb_0CsgyLFsit3Uv_12screen_share
FN:156,_RNCNCNvNtNtNtCs3ykRWvTZlvz_12screen_share8features4room11member_card12member_cards0sc_0CsgyLFsit3Uv_12screen_share
FN:164,_RNCNCNvNtNtNtCs3ykRWvTZlvz_12screen_share8features4room11member_card12member_cards0se_0CsgyLFsit3Uv_12screen_share
FN:170,_RNCNCNvNtNtNtCs3ykRWvTZlvz_12screen_share8features4room11member_card12member_cards0sf_0CsgyLFsit3Uv_12screen_share
FN:180,_RNCNCNvNtNtNtCs3ykRWvTZlvz_12screen_share8features4room11member_card12member_cards0sg_0CsgyLFsit3Uv_12screen_share
FN:194,_RNCNCNvNtNtNtCs3ykRWvTZlvz_12screen_share8features4room11member_card12member_cards0sh_0CsgyLFsit3Uv_12screen_share
FN:256,_RNCNCNvNtNtNtCs3ykRWvTZlvz_12screen_share8features4room11member_card12member_cards0si_0CsgyLFsit3Uv_12screen_share
FN:258,_RNCNCNvNtNtNtCs3ykRWvTZlvz_12screen_share8features4room11member_card12member_cards0sj_0CsgyLFsit3Uv_12screen_share
FN:257,_RNCNCNvNtNtNtCs3ykRWvTZlvz_12screen_share8features4room11member_card12member_cards0sk_0CsgyLFsit3Uv_12screen_share
FN:253,_RNCNCNvNtNtNtCs3ykRWvTZlvz_12screen_share8features4room11member_card12member_cards0sl_0CsgyLFsit3Uv_12screen_share
FN:274,_RNCNCNvNtNtNtCs3ykRWvTZlvz_12screen_share8features4room11member_card12member_cards0sm_0CsgyLFsit3Uv_12screen_share
FN:276,_RNCNCNvNtNtNtCs3ykRWvTZlvz_12screen_share8features4room11member_card12member_cards0sn_0CsgyLFsit3Uv_12screen_share
FN:269,_RNCNCNvNtNtNtCs3ykRWvTZlvz_12screen_share8features4room11member_card12member_cards0so_0CsgyLFsit3Uv_12screen_share
FN:278,_RNCNCNvNtNtNtCs3ykRWvTZlvz_12screen_share8features4room11member_card12member_cards0sp_0CsgyLFsit3Uv_12screen_share
FN:282,_RNCNCNvNtNtNtCs3ykRWvTZlvz_12screen_share8features4room11member_card12member_cards0sq_0CsgyLFsit3Uv_12screen_share
FN:286,_RNCNCNvNtNtNtCs3ykRWvTZlvz_12screen_share8features4room11member_card12member_cards0sr_0CsgyLFsit3Uv_12screen_share
FN:287,_RNCNCNvNtNtNtCs3ykRWvTZlvz_12screen_share8features4room11member_card12member_cards0ss_0CsgyLFsit3Uv_12screen_share
FN:293,_RNCNCNvNtNtNtCs3ykRWvTZlvz_12screen_share8features4room11member_card12member_cards0st_0CsgyLFsit3Uv_12screen_share
FN:294,_RNCNCNvNtNtNtCs3ykRWvTZlvz_12screen_share8features4room11member_card12member_cards0su_0CsgyLFsit3Uv_12screen_share
FN:300,_RNCNCNvNtNtNtCs3ykRWvTZlvz_12screen_share8features4room11member_card12member_cards0sv_0CsgyLFsit3Uv_12screen_share
FN:306,_RNCNCNvNtNtNtCs3ykRWvTZlvz_12screen_share8features4room11member_card12member_cards0sw_0CsgyLFsit3Uv_12screen_share
FN:307,_RNCNCNvNtNtNtCs3ykRWvTZlvz_12screen_share8features4room11member_card12member_cards0sx_0CsgyLFsit3Uv_12screen_share
FN:311,_RNCNCNvNtNtNtCs3ykRWvTZlvz_12screen_share8features4room11member_card12member_cards0sy_0CsgyLFsit3Uv_12screen_share
FN:315,_RNCNCNvNtNtNtCs3ykRWvTZlvz_12screen_share8features4room11member_card12member_cards0sz_0CsgyLFsit3Uv_12screen_share
FNDA:0,_RNvNtNtNtCs3ykRWvTZlvz_12screen_share8features4room11member_card12member_cards
FNDA:0,_RNvNtNtNtCs3ykRWvTZlvz_12screen_share8features4room11member_card13quality_label
FNDA:0,_RNvNtNtNtCs3ykRWvTZlvz_12screen_share8features4room11member_card14ping_color_var
FNDA:0,_RNCNCNCNvNtNtNtCs3ykRWvTZlvz_12screen_share8features4room11member_card12member_cards0sJ_00Bd_
FNDA:0,_RNCNCNCNvNtNtNtCs3ykRWvTZlvz_12screen_share8features4room11member_card12member_cards0sJ_0s_0Bd_
FNDA:0,_RNCNCNCNvNtNtNtCs3ykRWvTZlvz_12screen_share8features4room11member_card12member_cards0s_00Bd_
FNDA:0,_RNCNCNCNvNtNtNtCs3ykRWvTZlvz_12screen_share8features4room11member_card12member_cards0sd_00Bd_
FNDA:0,_RNCNCNvNtNtNtCs3ykRWvTZlvz_12screen_share8features4room11member_card12member_cards00Bb_
FNDA:0,_RNCNCNvNtNtNtCs3ykRWvTZlvz_12screen_share8features4room11member_card12member_cards0sE_0Bb_
FNDA:0,_RNCNCNvNtNtNtCs3ykRWvTZlvz_12screen_share8features4room11member_card12member_cards0sJ_0Bb_
FNDA:0,_RNCNCNvNtNtNtCs3ykRWvTZlvz_12screen_share8features4room11member_card12member_cards0s_0Bb_
FNDA:0,_RNCNCNvNtNtNtCs3ykRWvTZlvz_12screen_share8features4room11member_card12member_cards0sa_0Bb_
FNDA:0,_RNCNCNvNtNtNtCs3ykRWvTZlvz_12screen_share8features4room11member_card12member_cards0sd_0Bb_
FNDA:0,_RNCNvNtNtNtCs3ykRWvTZlvz_12screen_share8features4room11member_card12member_cards0B9_
FNDA:0,_RNCNCNCNCNvNtNtNtCs3ykRWvTZlvz_12screen_share8features4room11member_card12member_cards0s9_000Bf_
FNDA:0,_RNCNCNCNCNvNtNtNtCs3ykRWvTZlvz_12screen_share8features4room11member_card12member_cards0s9_00s0_0Bf_
FNDA:0,_RNCNCNCNCNvNtNtNtCs3ykRWvTZlvz_12screen_share8features4room11member_card12member_cards0s9_00s_0Bf_
FNDA:0,_RNCNCNCNvNtNtNtCs3ykRWvTZlvz_12screen_share8features4room11member_card12member_cards0s0_00Bd_
FNDA:0,_RNCNCNCNvNtNtNtCs3ykRWvTZlvz_12screen_share8features4room11member_card12member_cards0s3_00Bd_
FNDA:0,_RNCNCNCNvNtNtNtCs3ykRWvTZlvz_12screen_share8features4room11member_card12member_cards0s6_00Bd_
FNDA:0,_RNCNCNCNvNtNtNtCs3ykRWvTZlvz_12screen_share8features4room11member_card12member_cards0s7_00Bd_
FNDA:0,_RNCNCNCNvNtNtNtCs3ykRWvTZlvz_12screen_share8features4room11member_card12member_cards0s8_00Bd_
FNDA:0,_RNCNCNCNvNtNtNtCs3ykRWvTZlvz_12screen_share8features4room11member_card12member_cards0s9_00Bd_
FNDA:0,_RNCNCNCNvNtNtNtCs3ykRWvTZlvz_12screen_share8features4room11member_card12member_cards0sE_00Bd_
FNDA:0,_RNCNCNCNvNtNtNtCs3ykRWvTZlvz_12screen_share8features4room11member_card12member_cards0sE_0s_0Bd_
FNDA:0,_RNCNCNCNvNtNtNtCs3ykRWvTZlvz_12screen_share8features4room11member_card12member_cards0sT_00Bd_
FNDA:0,_RNCNCNCNvNtNtNtCs3ykRWvTZlvz_12screen_share8features4room11member_card12member_cards0se_00Bd_
FNDA:0,_RNCNCNCNvNtNtNtCs3ykRWvTZlvz_12screen_share8features4room11member_card12member_cards0sf_00Bd_
FNDA:0,_RNCNCNCNvNtNtNtCs3ykRWvTZlvz_12screen_share8features4room11member_card12member_cards0sg_00Bd_
FNDA:0,_RNCNCNCNvNtNtNtCs3ykRWvTZlvz_12screen_share8features4room11member_card12member_cards0sh_00Bd_
FNDA:0,_RNCNCNCNvNtNtNtCs3ykRWvTZlvz_12screen_share8features4room11member_card12member_cards0sj_00Bd_
FNDA:0,_RNCNCNCNvNtNtNtCs3ykRWvTZlvz_12screen_share8features4room11member_card12member_cards0sn_00Bd_
FNDA:0,_RNCNCNCNvNtNtNtCs3ykRWvTZlvz_12screen_share8features4room11member_card12member_cards0sq_00Bd_
FNDA:0,_RNCNCNCNvNtNtNtCs3ykRWvTZlvz_12screen_share8features4room11member_card12member_cards0sr_00Bd_
FNDA:0,_RNCNCNCNvNtNtNtCs3ykRWvTZlvz_12screen_share8features4room11member_card12member_cards0st_00Bd_
FNDA:0,_RNCNCNCNvNtNtNtCs3ykRWvTZlvz_12screen_share8features4room11member_card12member_cards0sv_00Bd_
FNDA:0,_RNCNCNvNtNtNtCs3ykRWvTZlvz_12screen_share8features4room11member_card12member_cards0s0_0Bb_
FNDA:0,_RNCNCNvNtNtNtCs3ykRWvTZlvz_12screen_share8features4room11member_card12member_cards0s1_0Bb_
FNDA:0,_RNCNCNvNtNtNtCs3ykRWvTZlvz_12screen_share8features4room11member_card12member_cards0s2_0Bb_
FNDA:0,_RNCNCNvNtNtNtCs3ykRWvTZlvz_12screen_share8features4room11member_card12member_cards0s3_0Bb_
FNDA:0,_RNCNCNvNtNtNtCs3ykRWvTZlvz_12screen_share8features4room11member_card12member_cards0s4_0Bb_
[...]
FNDA:0,_RNvMs_NtCsjJiOOtFxOOT_22screen_share_signaling8registryNtB4_8Registry27schedule_empty_room_cleanup
FNDA:0,_RNvMs_NtCsjJiOOtFxOOT_22screen_share_signaling8registryNtB4_8Registry9join_room
FNDA:0,_RNvNtCsjJiOOtFxOOT_22screen_share_signaling8registry13remove_member
FNDA:0,_RNvNtCsjJiOOtFxOOT_22screen_share_signaling8registry13watch_related
FNDA:0,_RNvNtCsjJiOOtFxOOT_22screen_share_signaling8registry14member_channel
FNDA:0,_RNvNtCsjJiOOtFxOOT_22screen_share_signaling8registry18generate_room_code
FNDA:0,_RNvNtCsjJiOOtFxOOT_22screen_share_signaling8registry22hash_optional_password
FNDA:0,_RNvNtCsjJiOOtFxOOT_22screen_share_signaling8registry23check_optional_password
FNDA:0,_RNvNtCsjJiOOtFxOOT_22screen_share_signaling8registry26broadcast_watchers_changed
FNDA:0,_RNvNtCsjJiOOtFxOOT_22screen_share_signaling8registry26password_attempts_exceeded
FNDA:0,_RNvMs_NtCsjJiOOtFxOOT_22screen_share_signaling8registryNtB4_8Registry10room_count
FNDA:0,_RNvMs_NtCsjJiOOtFxOOT_22screen_share_signaling8registryNtB4_8Registry3new
FNF:44
FNH:44
DA:55,5185
DA:56,5185
DA:57,5185
DA:175,2036
DA:176,2036
DA:177,2036
DA:188,53
DA:189,53
DA:190,53
DA:194,4
DA:195,4
DA:196,4
DA:202,2037
DA:203,2037
DA:204,2037
DA:205,1
DA:206,1
DA:207,2036
DA:208,2036
DA:209,2036
DA:210,2036
DA:211,2037
DA:217,5263
DA:218,5263
DA:219,5263
DA:220,5263
DA:221,5263
DA:229,5099
DA:230,5099
DA:231,5099
DA:232,5099
DA:234,5099
DA:235,5099
DA:236,5099
DA:237,5099
DA:238,5099
DA:239,5099
DA:240,5099
DA:241,5099
DA:243,5099
DA:244,5098
DA:245,5097
DA:246,1
DA:247,5096
DA:249,5096
DA:250,5096
DA:251,5096
DA:253,5096
DA:254,5096
DA:255,5096
DA:256,5096
DA:257,5096
DA:258,5096
DA:259,5096
DA:260,5096
DA:261,5096
DA:262,5096
DA:265,5096
DA:266,5096
DA:267,1
DA:268,5095
DA:269,5095
DA:270,5095
DA:271,12498826
DA:272,5095
DA:275,1
DA:276,5094
DA:277,5094
DA:278,5094
DA:279,5094
DA:280,5094
DA:281,5094
DA:282,5094
DA:283,5094
DA:284,5094
DA:285,5094
DA:286,5094
DA:287,5094
DA:288,5094
DA:290,5094
DA:291,5094
DA:292,5094
DA:293,5094
DA:294,5094
DA:295,5094
DA:296,5094
DA:297,5094
DA:298,5094
DA:299,5094
DA:300,5094
DA:301,5094
DA:302,5094
DA:303,5099
DA:305,90
DA:306,90
DA:307,90
DA:308,90
DA:309,90
DA:311,90
DA:312,90
DA:313,90
DA:314,90
DA:315,90
DA:316,90
DA:317,90
DA:319,90
DA:320,90
DA:321,0
DA:322,90
DA:324,90
DA:325,90
DA:327,87
DA:328,2
DA:329,85
DA:331,85
DA:332,33
DA:333,33
DA:334,33
DA:335,33
DA:336,33
DA:337,52
DA:342,52
DA:343,52
DA:344,52
DA:345,143
DA:346,52
DA:348,2
DA:349,2
DA:350,2
DA:351,50
DA:353,52
DA:354,2
DA:355,50
DA:357,50
DA:359,122
DA:360,122
DA:361,122
DA:362,122
DA:363,122
DA:364,122
DA:365,122
DA:367,50
DA:368,50
DA:369,50
DA:370,50
DA:371,50
DA:372,50
DA:373,50
DA:374,50
DA:375,50
DA:378,50
DA:379,50
DA:380,50
DA:381,50
DA:382,172
DA:383,172
DA:384,172
DA:385,172
DA:386,50
DA:387,50
DA:388,50
DA:389,50
DA:390,50
DA:391,50
DA:392,1
DA:393,1
DA:394,1
DA:395,1
DA:396,1
DA:397,1
DA:398,1
DA:399,50
DA:400,50
DA:401,50
DA:402,50
DA:403,172
DA:404,172
DA:405,1
DA:406,1
DA:407,1
DA:408,172
DA:409,50
DA:411,50
DA:412,50
DA:413,50
DA:414,50
DA:415,50
DA:416,50
DA:417,50
DA:418,50
DA:419,90
DA:421,38
DA:422,38
DA:423,38
DA:424,6
DA:425,6
DA:426,6
DA:427,6
DA:428,38
DA:430,6
DA:431,6
DA:432,6
DA:433,6
DA:434,12
DA:435,12
DA:436,6
DA:437,6
DA:438,6
DA:439,6
DA:441,0
DA:442,6
DA:444,2
DA:445,2
DA:446,2
DA:447,2
DA:448,2
DA:449,4
DA:450,4
DA:451,2
DA:452,2
DA:453,2
DA:454,2
DA:456,0
DA:457,2
DA:459,8
DA:460,8
DA:461,8
DA:462,0
DA:469,8
DA:470,1
DA:471,7
DA:473,7
DA:474,7
DA:475,7
DA:476,7
DA:477,7
DA:478,7
DA:479,7
DA:480,7
DA:481,7
DA:482,7
DA:483,8
DA:485,2
DA:486,2
DA:487,2
DA:488,0
DA:491,2
DA:492,2
DA:493,2
DA:494,2
DA:495,2
DA:496,2
DA:497,2
DA:498,2
DA:499,2
DA:500,2
DA:505,5
DA:506,5
DA:507,5
DA:508,0
DA:513,5
DA:514,1
DA:515,4
DA:517,4
DA:518,0
DA:520,4
DA:522,7
DA:523,7
DA:524,7
DA:525,7
DA:526,7
DA:527,7
DA:528,5
DA:539,5
DA:540,5
DA:541,5
DA:542,0
DA:544,5
DA:545,1
DA:546,4
DA:547,4
DA:548,4
DA:549,4
DA:550,5
DA:555,6
DA:556,6
DA:557,6
DA:558,6
DA:559,6
DA:561,0
DA:563,6
DA:565,6
DA:566,3
DA:567,3
DA:568,6
DA:570,3
DA:571,3
DA:572,3
DA:573,2
DA:574,1
DA:577,1
DA:578,1
DA:579,1
DA:580,1
DA:581,1
DA:582,1
DA:583,1
DA:584,3
DA:588,5096
DA:589,5096
DA:590,33
DA:591,5096
DA:595,85
DA:596,85
DA:597,14
DA:598,71
DA:599,71
DA:602,85
DA:610,87
DA:611,87
DA:612,87
DA:613,87
DA:614,87
DA:615,87
DA:616,87
DA:617,87
DA:618,87
DA:619,87
DA:620,87
DA:622,8
DA:623,8
DA:624,8
DA:625,8
DA:626,8
DA:627,8
DA:628,8
DA:629,8
DA:630,8
DA:632,8
DA:633,5
DA:634,5
DA:635,5
DA:636,5
DA:637,1
DA:638,1
DA:639,1
DA:640,4
DA:642,8
DA:643,1
DA:644,1
DA:646,8
DA:647,8
DA:652,5
DA:653,5
DA:654,4
DA:655,5
DA:657,10
DA:658,10
DA:659,10
DA:660,10
DA:661,10
DA:662,10
DA:663,19
DA:664,19
DA:665,19
DA:666,19
DA:667,19
DA:668,19
DA:669,10
DA:676,5096
DA:677,5096
DA:678,5096
DA:679,40768
DA:680,5096
DA:681,5096
BRF:0
BRH:0
LF:391
LH:382
end_of_record
SF:/home/hiroshi/projects/screenshare/fuck_you_janja/crates/signaling/src/rooms_status.rs
FN:51,_RNCNCNvMNtCscuuSxiWNxB6_22screen_share_signaling12rooms_statusNtB6_17RoomStatusLimiter5allow00B8_
FN:50,_RNCNvMNtCscuuSxiWNxB6_22screen_share_signaling12rooms_statusNtB4_17RoomStatusLimiter5allow0B6_
FN:57,_RNCNvMNtCscuuSxiWNxB6_22screen_share_signaling12rooms_statusNtB4_17RoomStatusLimiter5allows_0B6_
FN:78,_RNCNvNtCscuuSxiWNxB6_22screen_share_signaling12rooms_status19room_status_handler0B5_
FN:36,_RNvMNtCscuuSxiWNxB6_22screen_share_signaling12rooms_statusNtB2_17RoomStatusLimiter3new
FN:42,_RNvMNtCscuuSxiWNxB6_22screen_share_signaling12rooms_statusNtB2_17RoomStatusLimiter5allow
FN:71,_RNvNtCscuuSxiWNxB6_22screen_share_signaling12rooms_status19room_status_handler
FN:36,_RNvMNtCsjJiOOtFxOOT_22screen_share_signaling12rooms_statusNtB2_17RoomStatusLimiter3new
FN:42,_RNvMNtCsjJiOOtFxOOT_22screen_share_signaling12rooms_statusNtB2_17RoomStatusLimiter5allow
FN:51,_RNCNCNvMNtCsjJiOOtFxOOT_22screen_share_signaling12rooms_statusNtB6_17RoomStatusLimiter5allow00B8_
FN:50,_RNCNvMNtCsjJiOOtFxOOT_22screen_share_signaling12rooms_statusNtB4_17RoomStatusLimiter5allow0B6_
FN:57,_RNCNvMNtCsjJiOOtFxOOT_22screen_share_signaling12rooms_statusNtB4_17RoomStatusLimiter5allows_0B6_
FN:78,_RNCNvNtCsjJiOOtFxOOT_22screen_share_signaling12rooms_status19room_status_handler0B5_
FN:71,_RNvNtCsjJiOOtFxOOT_22screen_share_signaling12rooms_status19room_status_handler
FNDA:0,_RNCNCNvMNtCscuuSxiWNxB6_22screen_share_signaling12rooms_statusNtB6_17RoomStatusLimiter5allow00B8_
FNDA:0,_RNCNvMNtCscuuSxiWNxB6_22screen_share_signaling12rooms_statusNtB4_17RoomStatusLimiter5allow0B6_
FNDA:465,_RNCNvMNtCscuuSxiWNxB6_22screen_share_signaling12rooms_statusNtB4_17RoomStatusLimiter5allows_0B6_
FNDA:33,_RNCNvNtCscuuSxiWNxB6_22screen_share_signaling12rooms_status19room_status_handler0B5_
FNDA:18,_RNvMNtCscuuSxiWNxB6_22screen_share_signaling12rooms_statusNtB2_17RoomStatusLimiter3new
FNDA:33,_RNvMNtCscuuSxiWNxB6_22screen_share_signaling12rooms_statusNtB2_17RoomStatusLimiter5allow
FNDA:33,_RNvNtCscuuSxiWNxB6_22screen_share_signaling12rooms_status19room_status_handler
FNDA:2,_RNvMNtCsjJiOOtFxOOT_22screen_share_signaling12rooms_statusNtB2_17RoomStatusLimiter3new
FNDA:64,_RNvMNtCsjJiOOtFxOOT_22screen_share_signaling12rooms_statusNtB2_17RoomStatusLimiter5allow
FNDA:0,_RNCNCNvMNtCsjJiOOtFxOOT_22screen_share_signaling12rooms_statusNtB6_17RoomStatusLimiter5allow00B8_
FNDA:0,_RNCNvMNtCsjJiOOtFxOOT_22screen_share_signaling12rooms_statusNtB4_17RoomStatusLimiter5allow0B6_
FNDA:961,_RNCNvMNtCsjJiOOtFxOOT_22screen_share_signaling12rooms_statusNtB4_17RoomStatusLimiter5allows_0B6_
FNDA:0,_RNCNvNtCsjJiOOtFxOOT_22screen_share_signaling12rooms_status19room_status_handler0B5_
FNDA:0,_RNvNtCsjJiOOtFxOOT_22screen_share_signaling12rooms_status19room_status_handler
FNF:7
FNH:5
DA:36,20
DA:37,20
DA:38,20
DA:42,97
DA:43,97
DA:44,97
DA:45,97
DA:46,97
DA:47,97
DA:49,97
DA:50,0
DA:51,0
DA:52,0
DA:53,0
DA:54,97
DA:56,97
DA:57,1426
DA:58,97
DA:59,97
DA:60,97
DA:71,33
DA:72,33
DA:73,33
DA:74,33
DA:75,33
DA:76,33
DA:77,33
DA:78,33
DA:79,33
DA:80,1
DA:81,32
DA:83,32
DA:84,1
DA:85,1
DA:86,1
DA:87,1
DA:88,1
DA:89,1
DA:90,31
DA:91,31
DA:92,31
DA:93,31
DA:94,31
DA:95,31
DA:97,32
DA:98,33
BRF:0
BRH:0
LF:50
LH:44
end_of_record
SF:/home/hiroshi/projects/screenshare/fuck_you_janja/crates/signaling/src/state.rs
FN:31,_RNvXs0_NtCscuuSxiWNxB6_22screen_share_signaling5stateNtNtB7_9handshake15HandshakeConfigINtNtNtCs6HrLfW1PsHz_9axum_core7extract8from_ref7FromRefNtB5_14SignalingStateE8from_ref
FN:19,_RNvXNtCscuuSxiWNxB6_22screen_share_signaling5stateNtNtB4_8registry8RegistryINtNtNtCs6HrLfW1PsHz_9axum_core7extract8from_ref7FromRefNtB2_14SignalingStateE8from_ref
FN:37,_RNvXs1_NtCscuuSxiWNxB6_22screen_share_signaling5stateNtNtB7_12rooms_status17RoomStatusLimiterINtNtNtCs6HrLfW1PsHz_9axum_core7extract8from_ref7FromRefNtB5_14SignalingStateE8from_ref
FN:25,_RNvXs_NtCscuuSxiWNxB6_22screen_share_signaling5stateINtNtCsc36rpYXAlPq_4core6option6OptionNtNtB6_4turn10TurnConfigEINtNtNtCs6HrLfW1PsHz_9axum_core7extract8from_ref7FromRefNtB4_14SignalingStateE8from_ref
FN:19,_RNvXNtCsjJiOOtFxOOT_22screen_share_signaling5stateNtNtB4_8registry8RegistryINtNtNtCs6HrLfW1PsHz_9axum_core7extract8from_ref7FromRefNtB2_14SignalingStateE8from_ref
FN:31,_RNvXs0_NtCsjJiOOtFxOOT_22screen_share_signaling5stateNtNtB7_9handshake15HandshakeConfigINtNtNtCs6HrLfW1PsHz_9axum_core7extract8from_ref7FromRefNtB5_14SignalingStateE8from_ref
FN:37,_RNvXs1_NtCsjJiOOtFxOOT_22screen_share_signaling5stateNtNtB7_12rooms_status17RoomStatusLimiterINtNtNtCs6HrLfW1PsHz_9axum_core7extract8from_ref7FromRefNtB5_14SignalingStateE8from_ref
FN:25,_RNvXs_NtCsjJiOOtFxOOT_22screen_share_signaling5stateINtNtCsc36rpYXAlPq_4core6option6OptionNtNtB6_4turn10TurnConfigEINtNtNtCs6HrLfW1PsHz_9axum_core7extract8from_ref7FromRefNtB4_14SignalingStateE8from_ref
FNDA:69,_RNvXs0_NtCscuuSxiWNxB6_22screen_share_signaling5stateNtNtB7_9handshake15HandshakeConfigINtNtNtCs6HrLfW1PsHz_9axum_core7extract8from_ref7FromRefNtB5_14SignalingStateE8from_ref
FNDA:69,_RNvXNtCscuuSxiWNxB6_22screen_share_signaling5stateNtNtB4_8registry8RegistryINtNtNtCs6HrLfW1PsHz_9axum_core7extract8from_ref7FromRefNtB2_14SignalingStateE8from_ref
FNDA:33,_RNvXs1_NtCscuuSxiWNxB6_22screen_share_signaling5stateNtNtB7_12rooms_status17RoomStatusLimiterINtNtNtCs6HrLfW1PsHz_9axum_core7extract8from_ref7FromRefNtB5_14SignalingStateE8from_ref
FNDA:36,_RNvXs_NtCscuuSxiWNxB6_22screen_share_signaling5stateINtNtCsc36rpYXAlPq_4core6option6OptionNtNtB6_4turn10TurnConfigEINtNtNtCs6HrLfW1PsHz_9axum_core7extract8from_ref7FromRefNtB4_14SignalingStateE8from_ref
FNDA:0,_RNvXNtCsjJiOOtFxOOT_22screen_share_signaling5stateNtNtB4_8registry8RegistryINtNtNtCs6HrLfW1PsHz_9axum_core7extract8from_ref7FromRefNtB2_14SignalingStateE8from_ref
FNDA:0,_RNvXs0_NtCsjJiOOtFxOOT_22screen_share_signaling5stateNtNtB7_9handshake15HandshakeConfigINtNtNtCs6HrLfW1PsHz_9axum_core7extract8from_ref7FromRefNtB5_14SignalingStateE8from_ref
FNDA:0,_RNvXs1_NtCsjJiOOtFxOOT_22screen_share_signaling5stateNtNtB7_12rooms_status17RoomStatusLimiterINtNtNtCs6HrLfW1PsHz_9axum_core7extract8from_ref7FromRefNtB5_14SignalingStateE8from_ref
FNDA:0,_RNvXs_NtCsjJiOOtFxOOT_22screen_share_signaling5stateINtNtCsc36rpYXAlPq_4core6option6OptionNtNtB6_4turn10TurnConfigEINtNtNtCs6HrLfW1PsHz_9axum_core7extract8from_ref7FromRefNtB4_14SignalingStateE8from_ref
FNF:4
FNH:4
DA:19,69
DA:20,69
DA:21,69
DA:25,36
DA:26,36
DA:27,36
DA:31,69
DA:32,69
DA:33,69
DA:37,33
DA:38,33
DA:39,33
BRF:0
BRH:0
LF:12
LH:12
end_of_record
SF:/home/hiroshi/projects/screenshare/fuck_you_janja/crates/signaling/src/turn.rs
FN:117,_RNCNvMs0_NtCscuuSxiWNxB6_22screen_share_signaling4turnNtB7_10TurnConfig9from_vars0B9_
FN:125,_RNCNvMs0_NtCscuuSxiWNxB6_22screen_share_signaling4turnNtB7_10TurnConfig9from_varss0_0B9_
FN:135,_RNCNvMs0_NtCscuuSxiWNxB6_22screen_share_signaling4turnNtB7_10TurnConfig9from_varss1_0B9_
FN:118,_RNCNvMs0_NtCscuuSxiWNxB6_22screen_share_signaling4turnNtB7_10TurnConfig9from_varss_0B9_
FN:146,_RNvMs0_NtCscuuSxiWNxB6_22screen_share_signaling4turnNtB5_10TurnConfig16mint_credentials
FN:92,_RNvMs0_NtCscuuSxiWNxB6_22screen_share_signaling4turnNtB5_10TurnConfig8from_env
FN:112,_RNvMs0_NtCscuuSxiWNxB6_22screen_share_signaling4turnNtB5_10TurnConfig9from_vars
FN:45,_RNvXNtCscuuSxiWNxB6_22screen_share_signaling4turnNtB2_15TurnConfigErrorNtNtCsc36rpYXAlPq_4core3fmt7Display3fmt
FN:146,_RNvMs0_NtCsjJiOOtFxOOT_22screen_share_signaling4turnNtB5_10TurnConfig16mint_credentials
FN:112,_RNvMs0_NtCsjJiOOtFxOOT_22screen_share_signaling4turnNtB5_10TurnConfig9from_vars
FN:117,_RNCNvMs0_NtCsjJiOOtFxOOT_22screen_share_signaling4turnNtB7_10TurnConfig9from_vars0B9_
FN:125,_RNCNvMs0_NtCsjJiOOtFxOOT_22screen_share_signaling4turnNtB7_10TurnConfig9from_varss0_0B9_
FN:135,_RNCNvMs0_NtCsjJiOOtFxOOT_22screen_share_signaling4turnNtB7_10TurnConfig9from_varss1_0B9_
FN:118,_RNCNvMs0_NtCsjJiOOtFxOOT_22screen_share_signaling4turnNtB7_10TurnConfig9from_varss_0B9_
FN:92,_RNvMs0_NtCsjJiOOtFxOOT_22screen_share_signaling4turnNtB5_10TurnConfig8from_env
FN:45,_RNvXNtCsjJiOOtFxOOT_22screen_share_signaling4turnNtB2_15TurnConfigErrorNtNtCsc36rpYXAlPq_4core3fmt7Display3fmt
FNDA:1,_RNCNvMs0_NtCscuuSxiWNxB6_22screen_share_signaling4turnNtB7_10TurnConfig9from_vars0B9_
FNDA:10,_RNCNvMs0_NtCscuuSxiWNxB6_22screen_share_signaling4turnNtB7_10TurnConfig9from_varss0_0B9_
FNDA:1,_RNCNvMs0_NtCscuuSxiWNxB6_22screen_share_signaling4turnNtB7_10TurnConfig9from_varss1_0B9_
FNDA:1,_RNCNvMs0_NtCscuuSxiWNxB6_22screen_share_signaling4turnNtB7_10TurnConfig9from_varss_0B9_
FNDA:1,_RNvMs0_NtCscuuSxiWNxB6_22screen_share_signaling4turnNtB5_10TurnConfig16mint_credentials
FNDA:0,_RNvMs0_NtCscuuSxiWNxB6_22screen_share_signaling4turnNtB5_10TurnConfig8from_env
FNDA:1,_RNvMs0_NtCscuuSxiWNxB6_22screen_share_signaling4turnNtB5_10TurnConfig9from_vars
FNDA:0,_RNvXNtCscuuSxiWNxB6_22screen_share_signaling4turnNtB2_15TurnConfigErrorNtNtCsc36rpYXAlPq_4core3fmt7Display3fmt
FNDA:3,_RNvMs0_NtCsjJiOOtFxOOT_22screen_share_signaling4turnNtB5_10TurnConfig16mint_credentials
FNDA:8,_RNvMs0_NtCsjJiOOtFxOOT_22screen_share_signaling4turnNtB5_10TurnConfig9from_vars
FNDA:7,_RNCNvMs0_NtCsjJiOOtFxOOT_22screen_share_signaling4turnNtB7_10TurnConfig9from_vars0B9_
FNDA:31,_RNCNvMs0_NtCsjJiOOtFxOOT_22screen_share_signaling4turnNtB7_10TurnConfig9from_varss0_0B9_
FNDA:3,_RNCNvMs0_NtCsjJiOOtFxOOT_22screen_share_signaling4turnNtB7_10TurnConfig9from_varss1_0B9_
FNDA:7,_RNCNvMs0_NtCsjJiOOtFxOOT_22screen_share_signaling4turnNtB7_10TurnConfig9from_varss_0B9_
FNDA:0,_RNvMs0_NtCsjJiOOtFxOOT_22screen_share_signaling4turnNtB5_10TurnConfig8from_env
FNDA:0,_RNvXNtCsjJiOOtFxOOT_22screen_share_signaling4turnNtB2_15TurnConfigErrorNtNtCsc36rpYXAlPq_4core3fmt7Display3fmt
FNF:8
FNH:6
DA:45,0
DA:46,0
DA:47,0
DA:48,0
DA:53,0
DA:56,0
DA:92,0
DA:93,0
DA:94,0
DA:95,0
DA:97,0
DA:112,9
DA:113,9
DA:114,9
DA:115,9
DA:116,5
DA:117,9
DA:118,9
DA:120,4
DA:123,5
DA:124,5
DA:125,41
DA:127,1
DA:128,4
DA:129,4
DA:130,1
DA:131,3
DA:133,3
DA:134,3
DA:135,4
DA:136,3
DA:137,3
DA:138,9
DA:146,4
DA:147,4
DA:148,4
DA:149,4
DA:150,4
DA:151,4
DA:153,4
DA:154,4
DA:155,4
DA:156,4
DA:158,4
DA:159,4
DA:160,4
DA:161,4
DA:162,4
DA:163,4
BRF:0
BRH:0
LF:53
LH:42
end_of_record
SF:/home/hiroshi/projects/screenshare/fuck_you_janja/crates/signaling/src/ws.rs
FN:78,_RNCNCNvNtCscuuSxiWNxB6_22screen_share_signaling2ws10ws_handler00B7_
FN:92,_RNCNCNvNtCscuuSxiWNxB6_22screen_share_signaling2ws13handle_socket00B7_
FN:108,_RNCNCNvNtCscuuSxiWNxB6_22screen_share_signaling2ws13handle_socket0s_0B7_
FN:63,_RNCNvNtCscuuSxiWNxB6_22screen_share_signaling2ws10ws_handler0B5_
FN:88,_RNCNvNtCscuuSxiWNxB6_22screen_share_signaling2ws13handle_socket0B5_
FN:48,_RNCNvNtCscuuSxiWNxB6_22screen_share_signaling2ws15over_rate_limit0B5_
FN:56,_RNvNtCscuuSxiWNxB6_22screen_share_signaling2ws10ws_handler
FN:81,_RNvNtCscuuSxiWNxB6_22screen_share_signaling2ws13handle_socket
FN:45,_RNvNtCscuuSxiWNxB6_22screen_share_signaling2ws15over_rate_limit
FN:56,_RNvNtCsjJiOOtFxOOT_22screen_share_signaling2ws10ws_handler
FN:81,_RNvNtCsjJiOOtFxOOT_22screen_share_signaling2ws13handle_socket
FN:45,_RNvNtCsjJiOOtFxOOT_22screen_share_signaling2ws15over_rate_limit
FN:78,_RNCNCNvNtCsjJiOOtFxOOT_22screen_share_signaling2ws10ws_handler00B7_
FN:92,_RNCNCNvNtCsjJiOOtFxOOT_22screen_share_signaling2ws13handle_socket00B7_
FN:108,_RNCNCNvNtCsjJiOOtFxOOT_22screen_share_signaling2ws13handle_socket0s_0B7_
FN:63,_RNCNvNtCsjJiOOtFxOOT_22screen_share_signaling2ws10ws_handler0B5_
FN:88,_RNCNvNtCsjJiOOtFxOOT_22screen_share_signaling2ws13handle_socket0B5_
FN:48,_RNCNvNtCsjJiOOtFxOOT_22screen_share_signaling2ws15over_rate_limit0B5_
FNDA:35,_RNCNCNvNtCscuuSxiWNxB6_22screen_share_signaling2ws10ws_handler00B7_
FNDA:35,_RNCNCNvNtCscuuSxiWNxB6_22screen_share_signaling2ws13handle_socket00B7_
FNDA:30,_RNCNCNvNtCscuuSxiWNxB6_22screen_share_signaling2ws13handle_socket0s_0B7_
FNDA:36,_RNCNvNtCscuuSxiWNxB6_22screen_share_signaling2ws10ws_handler0B5_
FNDA:35,_RNCNvNtCscuuSxiWNxB6_22screen_share_signaling2ws13handle_socket0B5_
FNDA:25,_RNCNvNtCscuuSxiWNxB6_22screen_share_signaling2ws15over_rate_limit0B5_
FNDA:36,_RNvNtCscuuSxiWNxB6_22screen_share_signaling2ws10ws_handler
FNDA:35,_RNvNtCscuuSxiWNxB6_22screen_share_signaling2ws13handle_socket
FNDA:58,_RNvNtCscuuSxiWNxB6_22screen_share_signaling2ws15over_rate_limit
FNDA:0,_RNvNtCsjJiOOtFxOOT_22screen_share_signaling2ws10ws_handler
FNDA:0,_RNvNtCsjJiOOtFxOOT_22screen_share_signaling2ws13handle_socket
FNDA:602,_RNvNtCsjJiOOtFxOOT_22screen_share_signaling2ws15over_rate_limit
FNDA:0,_RNCNCNvNtCsjJiOOtFxOOT_22screen_share_signaling2ws10ws_handler00B7_
FNDA:0,_RNCNCNvNtCsjJiOOtFxOOT_22screen_share_signaling2ws13handle_socket00B7_
FNDA:0,_RNCNCNvNtCsjJiOOtFxOOT_22screen_share_signaling2ws13handle_socket0s_0B7_
FNDA:0,_RNCNvNtCsjJiOOtFxOOT_22screen_share_signaling2ws10ws_handler0B5_
FNDA:0,_RNCNvNtCsjJiOOtFxOOT_22screen_share_signaling2ws13handle_socket0B5_
FNDA:899,_RNCNvNtCsjJiOOtFxOOT_22screen_share_signaling2ws15over_rate_limit0B5_
FNF:9
FNH:9
DA:45,660
DA:46,960
DA:47,960
DA:48,960
DA:49,300
DA:50,300
DA:51,300
DA:52,660
DA:53,660
DA:54,660
DA:56,36
DA:57,36
DA:58,36
DA:59,36
DA:60,36
DA:61,36
DA:62,36
DA:63,36
DA:68,36
DA:69,1
DA:70,35
DA:73,35
DA:74,0
DA:76,35
DA:77,35
DA:78,35
DA:79,36
DA:81,35
DA:82,35
DA:83,35
DA:84,35
DA:85,35
DA:86,35
DA:87,35
DA:88,35
DA:89,35
DA:90,35
DA:92,35
DA:93,156
DA:94,121
DA:95,121
DA:96,121
DA:97,0
DA:98,121
DA:100,0
DA:102,35
DA:103,35
DA:104,35
DA:108,35
DA:111,93
DA:112,59
DA:115,1
DA:116,58
DA:118,58
DA:120,58
DA:121,0
DA:122,58
DA:124,58
DA:125,0
DA:128,58
DA:130,14
DA:131,14
DA:132,14
DA:133,14
DA:134,14
DA:136,14
DA:137,1
DA:138,1
DA:139,13
DA:140,13
DA:141,13
DA:142,13
DA:143,13
DA:144,13
DA:145,13
DA:146,13
DA:147,13
DA:148,13
DA:149,13
DA:150,13
DA:151,13
DA:152,13
DA:153,13
DA:154,13
DA:155,13
DA:156,13
DA:157,13
DA:158,13
DA:159,13
DA:160,13
DA:161,13
DA:162,13
DA:163,0
DA:164,0
DA:165,0
DA:166,0
DA:167,0
DA:168,0
DA:172,29
DA:173,29
DA:174,29
DA:175,29
DA:176,29
DA:178,29
DA:179,3
DA:180,3
DA:181,26
DA:182,26
DA:183,26
DA:184,26
DA:185,26
DA:186,26
DA:187,26
DA:188,26
DA:189,26
DA:190,26
DA:191,17
DA:192,17
DA:193,17
DA:194,17
DA:195,17
DA:196,17
DA:197,17
DA:198,17
DA:199,17
DA:200,17
DA:201,17
DA:202,17
DA:203,17
DA:204,17
DA:205,1
DA:206,1
DA:207,1
DA:208,6
DA:209,6
DA:210,6
DA:211,1
DA:212,1
DA:213,1
DA:214,1
DA:215,1
DA:216,1
DA:217,0
DA:218,0
DA:219,0
DA:223,2
DA:224,2
DA:225,2
DA:228,1
DA:229,1
DA:230,1
DA:232,3
DA:233,3
DA:234,3
DA:235,3
DA:237,1
DA:238,1
DA:239,1
DA:240,1
DA:242,2
DA:243,2
DA:244,2
DA:245,1
DA:246,1
DA:247,1
DA:248,1
DA:250,2
DA:251,2
DA:252,2
DA:253,2
DA:254,2
DA:255,2
DA:256,2
DA:257,2
DA:258,2
DA:259,2
DA:260,2
DA:261,2
DA:263,1
DA:264,1
DA:265,1
DA:266,1
DA:267,1
DA:268,1
DA:269,1
DA:270,1
DA:271,1
DA:272,1
DA:273,1
DA:274,1
DA:277,1
DA:278,1
DA:279,1
DA:280,1
DA:281,1
DA:283,1
DA:284,1
DA:285,1
DA:286,1
DA:287,1
DA:288,1
DA:289,1
DA:290,1
DA:291,1
DA:292,1
DA:293,1
DA:294,1
DA:295,1
DA:296,1
DA:298,1
DA:299,1
DA:300,1
DA:301,1
DA:302,1
DA:303,1
DA:304,1
DA:305,1
DA:306,1
DA:307,1
DA:308,1
DA:309,1
DA:314,1
DA:315,0
DA:316,1
DA:317,1
DA:318,1
BRF:0
BRH:0
LF:232
LH:217
end_of_record